[ 2015-04-27T17:36:05+08:00 ] 183.60.35.94 /car/?m=Home&c=User&a=Login
INFO: [ app_init ] --START--
INFO: [ app_init ] --END-- [ RunTime:0.000270s ]
INFO: [ app_begin ] --START--
INFO: Run Behavior\ReadHtmlCache [ RunTime:0.000042s ]
INFO: [ app_begin ] --END-- [ RunTime:0.000103s ]
INFO: [ action_begin ] --START--
INFO: [ action_begin ] --END-- [ RunTime:0.000033s ]
INFO: [ view_begin ] --START--
INFO: [ view_begin ] --END-- [ RunTime:0.000027s ]
INFO: [ view_parse ] --START--
INFO: [ template_filter ] --START--
INFO: Run Behavior\ContentReplace [ RunTime:0.000084s ]
INFO: [ template_filter ] --END-- [ RunTime:0.000151s ]
INFO: Run Behavior\ParseTemplate [ RunTime:0.008896s ]
INFO: [ view_parse ] --END-- [ RunTime:0.008960s ]
INFO: [ view_filter ] --START--
INFO: Run Behavior\WriteHtmlCache [ RunTime:0.000016s ]
INFO: [ view_filter ] --END-- [ RunTime:0.000067s ]
INFO: [ view_end ] --START--
INFO: [ view_end ] --END-- [ RunTime:0.000028s ]
INFO: [ app_end ] --START--
INFO: Run Behavior\ShowPageTrace [ RunTime:0.000037s ]
INFO: [ app_end ] --END-- [ RunTime:0.000097s ]

[ 2015-04-27T17:36:38+08:00 ] 60.25.170.19 /car/?m=Home&c=User&a=Login
INFO: [ app_init ] --START--
INFO: [ app_init ] --END-- [ RunTime:0.000488s ]
INFO: [ app_begin ] --START--
INFO: Run Behavior\ReadHtmlCache [ RunTime:0.000094s ]
INFO: [ app_begin ] --END-- [ RunTime:0.000215s ]
INFO: [ action_begin ] --START--
INFO: [ action_begin ] --END-- [ RunTime:0.000041s ]
INFO: [ view_begin ] --START--
INFO: [ view_begin ] --END-- [ RunTime:0.000029s ]
INFO: [ view_parse ] --START--
INFO: [ template_filter ] --START--
INFO: Run Behavior\ContentReplace [ RunTime:0.000210s ]
INFO: [ template_filter ] --END-- [ RunTime:0.000356s ]
INFO: Run Behavior\ParseTemplate [ RunTime:0.012515s ]
INFO: [ view_parse ] --END-- [ RunTime:0.012639s ]
INFO: [ view_filter ] --START--
INFO: Run Behavior\WriteHtmlCache [ RunTime:0.000039s ]
INFO: [ view_filter ] --END-- [ RunTime:0.000148s ]
INFO: [ view_end ] --START--
INFO: [ view_end ] --END-- [ RunTime:0.000049s ]
INFO: [ app_end ] --START--
INFO: Run Behavior\ShowPageTrace [ RunTime:0.000067s ]
INFO: [ app_end ] --END-- [ RunTime:0.000189s ]

[ 2015-04-27T17:36:39+08:00 ] 60.25.170.19 /car/index.php?m=Home&c=User&a=verify
INFO: [ app_init ] --START--
INFO: [ app_init ] --END-- [ RunTime:0.000316s ]
INFO: [ app_begin ] --START--
INFO: Run Behavior\ReadHtmlCache [ RunTime:0.000053s ]
INFO: [ app_begin ] --END-- [ RunTime:0.000119s ]
INFO: [ action_begin ] --START--
INFO: [ action_begin ] --END-- [ RunTime:0.000038s ]
NOTIC: [8] Undefined index: tjac_fengxian_ /var/www/html/zwin/car/ThinkPHP/Common/functions.php 第 1101 行.
INFO: [ app_end ] --START--
INFO: Run Behavior\ShowPageTrace [ RunTime:0.000040s ]
INFO: [ app_end ] --END-- [ RunTime:0.000112s ]

[ 2015-04-27T17:36:46+08:00 ] 119.147.146.189 /car/?m=Home&c=User&a=Login
INFO: [ app_init ] --START--
INFO: [ app_init ] --END-- [ RunTime:0.000228s ]
INFO: [ app_begin ] --START--
INFO: Run Behavior\ReadHtmlCache [ RunTime:0.000044s ]
INFO: [ app_begin ] --END-- [ RunTime:0.000104s ]
INFO: [ action_begin ] --START--
INFO: [ action_begin ] --END-- [ RunTime:0.000034s ]
INFO: [ view_begin ] --START--
INFO: [ view_begin ] --END-- [ RunTime:0.000027s ]
INFO: [ view_parse ] --START--
INFO: [ template_filter ] --START--
INFO: Run Behavior\ContentReplace [ RunTime:0.000086s ]
INFO: [ template_filter ] --END-- [ RunTime:0.000154s ]
INFO: Run Behavior\ParseTemplate [ RunTime:0.008598s ]
INFO: [ view_parse ] --END-- [ RunTime:0.008668s ]
INFO: [ view_filter ] --START--
INFO: Run Behavior\WriteHtmlCache [ RunTime:0.000019s ]
INFO: [ view_filter ] --END-- [ RunTime:0.000077s ]
INFO: [ view_end ] --START--
INFO: [ view_end ] --END-- [ RunTime:0.000029s ]
INFO: [ app_end ] --START--
INFO: Run Behavior\ShowPageTrace [ RunTime:0.000062s ]
INFO: [ app_end ] --END-- [ RunTime:0.000129s ]

[ 2015-04-27T17:36:58+08:00 ] 60.25.170.19 /car/?m=Home&c=User&a=Login
INFO: [ app_init ] --START--
INFO: [ app_init ] --END-- [ RunTime:0.000236s ]
INFO: [ app_begin ] --START--
INFO: Run Behavior\ReadHtmlCache [ RunTime:0.000040s ]
INFO: [ app_begin ] --END-- [ RunTime:0.000100s ]
INFO: [ action_begin ] --START--
INFO: [ action_begin ] --END-- [ RunTime:0.000032s ]
NOTIC: [8] Use of undefined constant time_format - assumed 'time_format' /var/www/html/zwin/car/ThinkPHP/Common/functions.php 第 419 行.
SQL: SHOW COLUMNS FROM `car_user` [ RunTime:0.000800s ]
SQL: SELECT `id`,`username`,`password`,`level`,`isDeleted`,`loginTime`,`regIp`,`lastLoginIp`,`IPone`,`Email`,`realname` FROM `car_user` WHERE ( `username` = 'admin' ) AND ( `password` = 'admin' )  [ RunTime:0.000351s ]
SQL: SHOW COLUMNS FROM `car_log` [ RunTime:0.000428s ]
SQL: INSERT INTO `car_log` (`function`,`uid`,`message`,`creatTime`) VALUES ('user_login',null,'loginFailed_DataErroradmin|admin','2015-04-27 17:36:58') [ RunTime:0.019330s ]
INFO: [ view_begin ] --START--
INFO: [ view_begin ] --END-- [ RunTime:0.000036s ]
INFO: [ view_parse ] --START--
INFO: [ template_filter ] --START--
INFO: Run Behavior\ContentReplace [ RunTime:0.000082s ]
INFO: [ template_filter ] --END-- [ RunTime:0.000172s ]
INFO: Run Behavior\ParseTemplate [ RunTime:0.005996s ]
INFO: [ view_parse ] --END-- [ RunTime:0.006090s ]
INFO: [ view_filter ] --START--
INFO: Run Behavior\WriteHtmlCache [ RunTime:0.000016s ]
INFO: [ view_filter ] --END-- [ RunTime:0.000072s ]
INFO: [ view_end ] --START--
INFO: [ view_end ] --END-- [ RunTime:0.000024s ]

[ 2015-04-27T17:37:01+08:00 ] 60.25.170.19 /car/index.php?m=Home&c=User&a=Login
INFO: [ app_init ] --START--
INFO: [ app_init ] --END-- [ RunTime:0.000374s ]
INFO: [ app_begin ] --START--
INFO: Run Behavior\ReadHtmlCache [ RunTime:0.000099s ]
INFO: [ app_begin ] --END-- [ RunTime:0.000210s ]
INFO: [ action_begin ] --START--
INFO: [ action_begin ] --END-- [ RunTime:0.000035s ]
INFO: [ view_begin ] --START--
INFO: [ view_begin ] --END-- [ RunTime:0.000027s ]
INFO: [ view_parse ] --START--
INFO: [ template_filter ] --START--
INFO: Run Behavior\ContentReplace [ RunTime:0.000086s ]
INFO: [ template_filter ] --END-- [ RunTime:0.000154s ]
INFO: Run Behavior\ParseTemplate [ RunTime:0.010853s ]
INFO: [ view_parse ] --END-- [ RunTime:0.010945s ]
INFO: [ view_filter ] --START--
INFO: Run Behavior\WriteHtmlCache [ RunTime:0.000025s ]
INFO: [ view_filter ] --END-- [ RunTime:0.000124s ]
INFO: [ view_end ] --START--
INFO: [ view_end ] --END-- [ RunTime:0.000044s ]
INFO: [ app_end ] --START--
INFO: Run Behavior\ShowPageTrace [ RunTime:0.000044s ]
INFO: [ app_end ] --END-- [ RunTime:0.000165s ]

[ 2015-04-27T17:37:02+08:00 ] 60.25.170.19 /car/index.php?m=Home&c=User&a=verify
INFO: [ app_init ] --START--
INFO: [ app_init ] --END-- [ RunTime:0.000256s ]
INFO: [ app_begin ] --START--
INFO: Run Behavior\ReadHtmlCache [ RunTime:0.000045s ]
INFO: [ app_begin ] --END-- [ RunTime:0.000107s ]
INFO: [ action_begin ] --START--
INFO: [ action_begin ] --END-- [ RunTime:0.000033s ]
INFO: [ app_end ] --START--
INFO: Run Behavior\ShowPageTrace [ RunTime:0.000038s ]
INFO: [ app_end ] --END-- [ RunTime:0.000109s ]

[ 2015-04-27T17:41:04+08:00 ] 60.25.170.19 /car/index.php?m=Home&c=User&a=Login
INFO: [ app_init ] --START--
INFO: [ app_init ] --END-- [ RunTime:0.000279s ]
INFO: [ app_begin ] --START--
INFO: Run Behavior\ReadHtmlCache [ RunTime:0.000044s ]
INFO: [ app_begin ] --END-- [ RunTime:0.000107s ]
INFO: [ action_begin ] --START--
INFO: [ action_begin ] --END-- [ RunTime:0.000035s ]
INFO: [ view_begin ] --START--
INFO: [ view_begin ] --END-- [ RunTime:0.000028s ]
INFO: [ view_parse ] --START--
INFO: [ template_filter ] --START--
INFO: Run Behavior\ContentReplace [ RunTime:0.000060s ]
INFO: [ template_filter ] --END-- [ RunTime:0.000153s ]
INFO: Run Behavior\ParseTemplate [ RunTime:0.005841s ]
INFO: [ view_parse ] --END-- [ RunTime:0.005906s ]
INFO: [ view_filter ] --START--
INFO: Run Behavior\WriteHtmlCache [ RunTime:0.000015s ]
INFO: [ view_filter ] --END-- [ RunTime:0.000067s ]
INFO: [ view_end ] --START--
INFO: [ view_end ] --END-- [ RunTime:0.000023s ]

[ 2015-04-27T17:41:07+08:00 ] 60.25.170.19 /car/index.php?m=Home&c=User&a=Login
INFO: [ app_init ] --START--
INFO: [ app_init ] --END-- [ RunTime:0.000246s ]
INFO: [ app_begin ] --START--
INFO: Run Behavior\ReadHtmlCache [ RunTime:0.000045s ]
INFO: [ app_begin ] --END-- [ RunTime:0.000111s ]
INFO: [ action_begin ] --START--
INFO: [ action_begin ] --END-- [ RunTime:0.000035s ]
INFO: [ view_begin ] --START--
INFO: [ view_begin ] --END-- [ RunTime:0.000029s ]
INFO: [ view_parse ] --START--
INFO: [ template_filter ] --START--
INFO: Run Behavior\ContentReplace [ RunTime:0.000085s ]
INFO: [ template_filter ] --END-- [ RunTime:0.000155s ]
INFO: Run Behavior\ParseTemplate [ RunTime:0.009010s ]
INFO: [ view_parse ] --END-- [ RunTime:0.009078s ]
INFO: [ view_filter ] --START--
INFO: Run Behavior\WriteHtmlCache [ RunTime:0.000017s ]
INFO: [ view_filter ] --END-- [ RunTime:0.000073s ]
INFO: [ view_end ] --START--
INFO: [ view_end ] --END-- [ RunTime:0.000029s ]
INFO: [ app_end ] --START--
INFO: Run Behavior\ShowPageTrace [ RunTime:0.000038s ]
INFO: [ app_end ] --END-- [ RunTime:0.000099s ]

[ 2015-04-27T17:41:07+08:00 ] 60.25.170.19 /car/index.php?m=Home&c=User&a=verify
INFO: [ app_init ] --START--
INFO: [ app_init ] --END-- [ RunTime:0.000239s ]
INFO: [ app_begin ] --START--
INFO: Run Behavior\ReadHtmlCache [ RunTime:0.000043s ]
INFO: [ app_begin ] --END-- [ RunTime:0.000107s ]
INFO: [ action_begin ] --START--
INFO: [ action_begin ] --END-- [ RunTime:0.000069s ]
INFO: [ app_end ] --START--
INFO: Run Behavior\ShowPageTrace [ RunTime:0.000038s ]
INFO: [ app_end ] --END-- [ RunTime:0.000118s ]

[ 2015-04-27T17:41:19+08:00 ] 211.161.143.26 /car/
INFO: [ app_init ] --START--
INFO: [ app_init ] --END-- [ RunTime:0.000232s ]
INFO: [ app_begin ] --START--
INFO: Run Behavior\ReadHtmlCache [ RunTime:0.000045s ]
INFO: [ app_begin ] --END-- [ RunTime:0.000107s ]
INFO: [ action_begin ] --START--
INFO: [ action_begin ] --END-- [ RunTime:0.000038s ]
INFO: [ view_begin ] --START--
INFO: [ view_begin ] --END-- [ RunTime:0.000027s ]
INFO: [ view_parse ] --START--
INFO: [ template_filter ] --START--
INFO: Run Behavior\ContentReplace [ RunTime:0.000059s ]
INFO: [ template_filter ] --END-- [ RunTime:0.000141s ]
INFO: Run Behavior\ParseTemplate [ RunTime:0.005643s ]
INFO: [ view_parse ] --END-- [ RunTime:0.005710s ]
INFO: [ view_filter ] --START--
INFO: Run Behavior\WriteHtmlCache [ RunTime:0.000015s ]
INFO: [ view_filter ] --END-- [ RunTime:0.000066s ]
INFO: [ view_end ] --START--
INFO: [ view_end ] --END-- [ RunTime:0.000022s ]

[ 2015-04-27T17:41:19+08:00 ] 211.161.143.26 /car/?m=Home&c=User&a=Login
INFO: [ app_init ] --START--
INFO: [ app_init ] --END-- [ RunTime:0.000230s ]
INFO: [ app_begin ] --START--
INFO: Run Behavior\ReadHtmlCache [ RunTime:0.000043s ]
INFO: [ app_begin ] --END-- [ RunTime:0.000103s ]
INFO: [ action_begin ] --START--
INFO: [ action_begin ] --END-- [ RunTime:0.000033s ]
INFO: [ view_begin ] --START--
INFO: [ view_begin ] --END-- [ RunTime:0.000025s ]
INFO: [ view_parse ] --START--
INFO: [ template_filter ] --START--
INFO: Run Behavior\ContentReplace [ RunTime:0.000082s ]
INFO: [ template_filter ] --END-- [ RunTime:0.000147s ]
INFO: Run Behavior\ParseTemplate [ RunTime:0.008585s ]
INFO: [ view_parse ] --END-- [ RunTime:0.008681s ]
INFO: [ view_filter ] --START--
INFO: Run Behavior\WriteHtmlCache [ RunTime:0.000016s ]
INFO: [ view_filter ] --END-- [ RunTime:0.000068s ]
INFO: [ view_end ] --START--
INFO: [ view_end ] --END-- [ RunTime:0.000027s ]
INFO: [ app_end ] --START--
INFO: Run Behavior\ShowPageTrace [ RunTime:0.000034s ]
INFO: [ app_end ] --END-- [ RunTime:0.000096s ]

[ 2015-04-27T17:41:20+08:00 ] 211.161.143.26 /car/index.php?m=Home&c=User&a=verify
INFO: [ app_init ] --START--
INFO: [ app_init ] --END-- [ RunTime:0.000277s ]
INFO: [ app_begin ] --START--
INFO: Run Behavior\ReadHtmlCache [ RunTime:0.000061s ]
INFO: [ app_begin ] --END-- [ RunTime:0.000146s ]
INFO: [ action_begin ] --START--
INFO: [ action_begin ] --END-- [ RunTime:0.000073s ]
NOTIC: [8] Undefined index: tjac_fengxian_ /var/www/html/zwin/car/ThinkPHP/Common/functions.php 第 1101 行.
INFO: [ app_end ] --START--
INFO: Run Behavior\ShowPageTrace [ RunTime:0.000050s ]
INFO: [ app_end ] --END-- [ RunTime:0.000125s ]

[ 2015-04-27T17:41:30+08:00 ] 60.25.170.19 /car/index.php?m=Home&c=User&a=Login
INFO: [ app_init ] --START--
INFO: [ app_init ] --END-- [ RunTime:0.000267s ]
INFO: [ app_begin ] --START--
INFO: Run Behavior\ReadHtmlCache [ RunTime:0.000055s ]
INFO: [ app_begin ] --END-- [ RunTime:0.000126s ]
INFO: [ action_begin ] --START--
INFO: [ action_begin ] --END-- [ RunTime:0.000035s ]
INFO: [ view_begin ] --START--
INFO: [ view_begin ] --END-- [ RunTime:0.000030s ]
INFO: [ view_parse ] --START--
INFO: [ template_filter ] --START--
INFO: Run Behavior\ContentReplace [ RunTime:0.000076s ]
INFO: [ template_filter ] --END-- [ RunTime:0.000170s ]
INFO: Run Behavior\ParseTemplate [ RunTime:0.005642s ]
INFO: [ view_parse ] --END-- [ RunTime:0.005723s ]
INFO: [ view_filter ] --START--
INFO: Run Behavior\WriteHtmlCache [ RunTime:0.000018s ]
INFO: [ view_filter ] --END-- [ RunTime:0.000071s ]
INFO: [ view_end ] --START--
INFO: [ view_end ] --END-- [ RunTime:0.000022s ]

[ 2015-04-27T17:41:33+08:00 ] 60.25.170.19 /car/index.php?m=Home&c=User&a=Login
INFO: [ app_init ] --START--
INFO: [ app_init ] --END-- [ RunTime:0.000250s ]
INFO: [ app_begin ] --START--
INFO: Run Behavior\ReadHtmlCache [ RunTime:0.000053s ]
INFO: [ app_begin ] --END-- [ RunTime:0.000120s ]
INFO: [ action_begin ] --START--
INFO: [ action_begin ] --END-- [ RunTime:0.000038s ]
INFO: [ view_begin ] --START--
INFO: [ view_begin ] --END-- [ RunTime:0.000027s ]
INFO: [ view_parse ] --START--
INFO: [ template_filter ] --START--
INFO: Run Behavior\ContentReplace [ RunTime:0.000083s ]
INFO: [ template_filter ] --END-- [ RunTime:0.000150s ]
INFO: Run Behavior\ParseTemplate [ RunTime:0.009303s ]
INFO: [ view_parse ] --END-- [ RunTime:0.009368s ]
INFO: [ view_filter ] --START--
INFO: Run Behavior\WriteHtmlCache [ RunTime:0.000016s ]
INFO: [ view_filter ] --END-- [ RunTime:0.000066s ]
INFO: [ view_end ] --START--
INFO: [ view_end ] --END-- [ RunTime:0.000086s ]
INFO: [ app_end ] --START--
INFO: Run Behavior\ShowPageTrace [ RunTime:0.000039s ]
INFO: [ app_end ] --END-- [ RunTime:0.000107s ]

[ 2015-04-27T17:41:33+08:00 ] 60.25.170.19 /car/index.php?m=Home&c=User&a=verify
INFO: [ app_init ] --START--
INFO: [ app_init ] --END-- [ RunTime:0.000273s ]
INFO: [ app_begin ] --START--
INFO: Run Behavior\ReadHtmlCache [ RunTime:0.000044s ]
INFO: [ app_begin ] --END-- [ RunTime:0.000107s ]
INFO: [ action_begin ] --START--
INFO: [ action_begin ] --END-- [ RunTime:0.000034s ]
INFO: [ app_end ] --START--
INFO: Run Behavior\ShowPageTrace [ RunTime:0.000050s ]
INFO: [ app_end ] --END-- [ RunTime:0.000136s ]

[ 2015-04-27T17:41:36+08:00 ] 211.161.143.26 /car/?m=Home&c=User&a=Login
INFO: [ app_init ] --START--
INFO: [ app_init ] --END-- [ RunTime:0.000231s ]
INFO: [ app_begin ] --START--
INFO: Run Behavior\ReadHtmlCache [ RunTime:0.000060s ]
INFO: [ app_begin ] --END-- [ RunTime:0.000126s ]
INFO: [ action_begin ] --START--
INFO: [ action_begin ] --END-- [ RunTime:0.000033s ]
NOTIC: [8] Use of undefined constant time_format - assumed 'time_format' /var/www/html/zwin/car/ThinkPHP/Common/functions.php 第 419 行.
SQL: SHOW COLUMNS FROM `car_user` [ RunTime:0.000658s ]
SQL: SELECT `id`,`username`,`password`,`level`,`isDeleted`,`loginTime`,`regIp`,`lastLoginIp`,`IPone`,`Email`,`realname` FROM `car_user` WHERE ( `username` = 'admin' ) AND ( `password` = 'admin2014' )  [ RunTime:0.000268s ]
SQL: UPDATE `car_user` SET `loginTime`='2015-04-27 17:41:36',`lastLoginIp`='211.161.143.26' WHERE ( `id` = 46 ) [ RunTime:0.017681s ]
SQL: SHOW COLUMNS FROM `car_company` [ RunTime:0.000443s ]
ERR: 1146:Table 'car.car_company' doesn't exist
 [ SQL语句 ] : SHOW COLUMNS FROM `car_company`
SQL: SELECT `company` FROM `car_company` WHERE ( id=46 ) LIMIT 1   [ RunTime:0.000127s ]
ERR: 1146:Table 'car.car_company' doesn't exist
 [ SQL语句 ] : SELECT `company` FROM `car_company` WHERE ( id=46 ) LIMIT 1  
SQL: SHOW COLUMNS FROM `car_log` [ RunTime:0.000458s ]
SQL: INSERT INTO `car_log` (`function`,`uid`,`message`,`creatTime`) VALUES ('user_login',46,'loginSuccess','2015-04-27 17:41:36') [ RunTime:0.012454s ]
INFO: [ view_begin ] --START--
INFO: [ view_begin ] --END-- [ RunTime:0.000055s ]
INFO: [ view_parse ] --START--
INFO: [ template_filter ] --START--
INFO: Run Behavior\ContentReplace [ RunTime:0.000070s ]
INFO: [ template_filter ] --END-- [ RunTime:0.000153s ]
INFO: Run Behavior\ParseTemplate [ RunTime:0.005783s ]
INFO: [ view_parse ] --END-- [ RunTime:0.005850s ]
INFO: [ view_filter ] --START--
INFO: Run Behavior\WriteHtmlCache [ RunTime:0.000040s ]
INFO: [ view_filter ] --END-- [ RunTime:0.000093s ]
INFO: [ view_end ] --START--
INFO: [ view_end ] --END-- [ RunTime:0.000022s ]
INFO: [ app_end ] --START--
INFO: Run Behavior\ShowPageTrace [ RunTime:0.000038s ]
INFO: [ app_end ] --END-- [ RunTime:0.000099s ]

[ 2015-04-27T17:41:38+08:00 ] 211.161.143.26 /car/index.php?m=Home&c=Index&a=index
INFO: [ app_init ] --START--
INFO: [ app_init ] --END-- [ RunTime:0.000261s ]
INFO: [ app_begin ] --START--
INFO: Run Behavior\ReadHtmlCache [ RunTime:0.000048s ]
INFO: [ app_begin ] --END-- [ RunTime:0.000136s ]
INFO: [ action_begin ] --START--
INFO: [ action_begin ] --END-- [ RunTime:0.000034s ]

[ 2015-04-27T17:41:38+08:00 ] 211.161.143.26 /car/index.php?m=Admin&c=Index&a=Index
INFO: [ app_init ] --START--
INFO: [ app_init ] --END-- [ RunTime:0.000257s ]
INFO: [ app_begin ] --START--
INFO: Run Behavior\ReadHtmlCache [ RunTime:0.000049s ]
INFO: [ app_begin ] --END-- [ RunTime:0.000116s ]
INFO: [ action_begin ] --START--
INFO: [ action_begin ] --END-- [ RunTime:0.000035s ]
SQL: SHOW COLUMNS FROM `car_water` [ RunTime:0.000508s ]
ERR: 1146:Table 'car.car_water' doesn't exist
 [ SQL语句 ] : SHOW COLUMNS FROM `car_water`
SQL: SELECT COUNT(*) AS tp_count FROM `car_water` WHERE ( `isDelete` = 0 ) LIMIT 1   [ RunTime:0.000167s ]
ERR: 1146:Table 'car.car_water' doesn't exist
 [ SQL语句 ] : SELECT COUNT(*) AS tp_count FROM `car_water` WHERE ( `isDelete` = 0 ) LIMIT 1  
NOTIC: [8] Undefined index: page /var/www/html/zwin/car/Application/Admin/Controller/IndexController.class.php 第 75 行.
SQL: SELECT * FROM `car_water` WHERE ( `isDelete` = 0 ) ORDER BY id desc LIMIT 0,10   [ RunTime:0.000147s ]
ERR: 1146:Table 'car.car_water' doesn't exist
 [ SQL语句 ] : SELECT * FROM `car_water` WHERE ( `isDelete` = 0 ) ORDER BY id desc LIMIT 0,10  
SQL: SHOW COLUMNS FROM `car_user` [ RunTime:0.000552s ]
SQL: SELECT `id`,`realname` FROM `car_user`  [ RunTime:0.000247s ]
NOTIC: [8] Undefined index:  /var/www/html/zwin/car/Application/Admin/Controller/IndexController.class.php 第 95 行.
SQL: SELECT COUNT(*) AS tp_count FROM `car_water` WHERE ( isDelete=0 ) LIMIT 1   [ RunTime:0.000142s ]
ERR: 1146:Table 'car.car_water' doesn't exist
 [ SQL语句 ] : SELECT COUNT(*) AS tp_count FROM `car_water` WHERE ( isDelete=0 ) LIMIT 1  
SQL: SELECT COUNT(*) AS tp_count FROM `car_water` WHERE ( confirm=1 and isDelete=0 ) LIMIT 1   [ RunTime:0.000135s ]
ERR: 1146:Table 'car.car_water' doesn't exist
 [ SQL语句 ] : SELECT COUNT(*) AS tp_count FROM `car_water` WHERE ( confirm=1 and isDelete=0 ) LIMIT 1  
SQL: SELECT COUNT(*) AS tp_count FROM `car_water` WHERE ( confirm=0 and isDelete=0 ) LIMIT 1   [ RunTime:0.000190s ]
ERR: 1146:Table 'car.car_water' doesn't exist
 [ SQL语句 ] : SELECT COUNT(*) AS tp_count FROM `car_water` WHERE ( confirm=0 and isDelete=0 ) LIMIT 1  
SQL: SELECT COUNT(*) AS tp_count FROM `car_water` WHERE ( confirm=-1 and isDelete=0 ) LIMIT 1   [ RunTime:0.000141s ]
ERR: 1146:Table 'car.car_water' doesn't exist
 [ SQL语句 ] : SELECT COUNT(*) AS tp_count FROM `car_water` WHERE ( confirm=-1 and isDelete=0 ) LIMIT 1  
INFO: [ view_begin ] --START--
INFO: [ view_begin ] --END-- [ RunTime:0.000025s ]
INFO: [ view_parse ] --START--
INFO: [ template_filter ] --START--
INFO: Run Behavior\ContentReplace [ RunTime:0.000143s ]
INFO: [ template_filter ] --END-- [ RunTime:0.000238s ]
NOTIC: [8] Undefined variable: Manageall /var/www/html/zwin/car/Application/Runtime/Cache/Admin/da4cd6c0f72b4897fc3959e8a3e7598e.php 第 86 行.
NOTIC: [8] Undefined variable: m7 /var/www/html/zwin/car/Application/Runtime/Cache/Admin/da4cd6c0f72b4897fc3959e8a3e7598e.php 第 88 行.
NOTIC: [8] Undefined variable: m6 /var/www/html/zwin/car/Application/Runtime/Cache/Admin/da4cd6c0f72b4897fc3959e8a3e7598e.php 第 89 行.
NOTIC: [8] Undefined variable: m12 /var/www/html/zwin/car/Application/Runtime/Cache/Admin/da4cd6c0f72b4897fc3959e8a3e7598e.php 第 90 行.
NOTIC: [8] Undefined variable: m13 /var/www/html/zwin/car/Application/Runtime/Cache/Admin/da4cd6c0f72b4897fc3959e8a3e7598e.php 第 91 行.
NOTIC: [8] Undefined variable: m8 /var/www/html/zwin/car/Application/Runtime/Cache/Admin/da4cd6c0f72b4897fc3959e8a3e7598e.php 第 94 行.
NOTIC: [8] Undefined variable: m11 /var/www/html/zwin/car/Application/Runtime/Cache/Admin/da4cd6c0f72b4897fc3959e8a3e7598e.php 第 95 行.
NOTIC: [8] Undefined index: title /var/www/html/zwin/car/Application/Runtime/Cache/Admin/da4cd6c0f72b4897fc3959e8a3e7598e.php 第 112 行.
NOTIC: [8] Undefined index: collector /var/www/html/zwin/car/Application/Runtime/Cache/Admin/da4cd6c0f72b4897fc3959e8a3e7598e.php 第 148 行.
NOTIC: [8] Undefined index: id /var/www/html/zwin/car/Application/Runtime/Cache/Admin/da4cd6c0f72b4897fc3959e8a3e7598e.php 第 201 行.
NOTIC: [8] Undefined index: title /var/www/html/zwin/car/Application/Runtime/Cache/Admin/da4cd6c0f72b4897fc3959e8a3e7598e.php 第 203 行.
NOTIC: [8] Undefined index: type /var/www/html/zwin/car/Application/Runtime/Cache/Admin/da4cd6c0f72b4897fc3959e8a3e7598e.php 第 205 行.
NOTIC: [8] Undefined index: type /var/www/html/zwin/car/Application/Runtime/Cache/Admin/da4cd6c0f72b4897fc3959e8a3e7598e.php 第 206 行.
NOTIC: [8] Undefined index: type /var/www/html/zwin/car/Application/Runtime/Cache/Admin/da4cd6c0f72b4897fc3959e8a3e7598e.php 第 208 行.
NOTIC: [8] Undefined index: type /var/www/html/zwin/car/Application/Runtime/Cache/Admin/da4cd6c0f72b4897fc3959e8a3e7598e.php 第 210 行.
NOTIC: [8] Undefined index: type /var/www/html/zwin/car/Application/Runtime/Cache/Admin/da4cd6c0f72b4897fc3959e8a3e7598e.php 第 212 行.
NOTIC: [8] Undefined index: status /var/www/html/zwin/car/Application/Runtime/Cache/Admin/da4cd6c0f72b4897fc3959e8a3e7598e.php 第 217 行.
NOTIC: [8] Undefined index: status /var/www/html/zwin/car/Application/Runtime/Cache/Admin/da4cd6c0f72b4897fc3959e8a3e7598e.php 第 218 行.
NOTIC: [8] Undefined index: status /var/www/html/zwin/car/Application/Runtime/Cache/Admin/da4cd6c0f72b4897fc3959e8a3e7598e.php 第 220 行.
NOTIC: [8] Undefined index: pressure /var/www/html/zwin/car/Application/Runtime/Cache/Admin/da4cd6c0f72b4897fc3959e8a3e7598e.php 第 225 行.
NOTIC: [8] Undefined index: pressure /var/www/html/zwin/car/Application/Runtime/Cache/Admin/da4cd6c0f72b4897fc3959e8a3e7598e.php 第 226 行.
NOTIC: [8] Undefined index: date /var/www/html/zwin/car/Application/Runtime/Cache/Admin/da4cd6c0f72b4897fc3959e8a3e7598e.php 第 231 行.
NOTIC: [8] Undefined index: confirm /var/www/html/zwin/car/Application/Runtime/Cache/Admin/da4cd6c0f72b4897fc3959e8a3e7598e.php 第 233 行.
NOTIC: [8] Undefined index: id /var/www/html/zwin/car/Application/Runtime/Cache/Admin/da4cd6c0f72b4897fc3959e8a3e7598e.php 第 239 行.
NOTIC: [8] Undefined index: id /var/www/html/zwin/car/Application/Runtime/Cache/Admin/da4cd6c0f72b4897fc3959e8a3e7598e.php 第 240 行.
NOTIC: [8] Undefined index: title /var/www/html/zwin/car/Application/Runtime/Cache/Admin/da4cd6c0f72b4897fc3959e8a3e7598e.php 第 261 行.
NOTIC: [8] Undefined index: type /var/www/html/zwin/car/Application/Runtime/Cache/Admin/da4cd6c0f72b4897fc3959e8a3e7598e.php 第 261 行.
NOTIC: [8] Undefined index: status /var/www/html/zwin/car/Application/Runtime/Cache/Admin/da4cd6c0f72b4897fc3959e8a3e7598e.php 第 261 行.
NOTIC: [8] Undefined index: pressure /var/www/html/zwin/car/Application/Runtime/Cache/Admin/da4cd6c0f72b4897fc3959e8a3e7598e.php 第 261 行.
NOTIC: [8] Undefined index: title /var/www/html/zwin/car/Application/Runtime/Cache/Admin/da4cd6c0f72b4897fc3959e8a3e7598e.php 第 265 行.
NOTIC: [8] Undefined index: type /var/www/html/zwin/car/Application/Runtime/Cache/Admin/da4cd6c0f72b4897fc3959e8a3e7598e.php 第 265 行.
NOTIC: [8] Undefined index: status /var/www/html/zwin/car/Application/Runtime/Cache/Admin/da4cd6c0f72b4897fc3959e8a3e7598e.php 第 265 行.
NOTIC: [8] Undefined index: pressure /var/www/html/zwin/car/Application/Runtime/Cache/Admin/da4cd6c0f72b4897fc3959e8a3e7598e.php 第 265 行.
NOTIC: [8] Undefined index: title /var/www/html/zwin/car/Application/Runtime/Cache/Admin/da4cd6c0f72b4897fc3959e8a3e7598e.php 第 268 行.
NOTIC: [8] Undefined index: type /var/www/html/zwin/car/Application/Runtime/Cache/Admin/da4cd6c0f72b4897fc3959e8a3e7598e.php 第 268 行.
NOTIC: [8] Undefined index: status /var/www/html/zwin/car/Application/Runtime/Cache/Admin/da4cd6c0f72b4897fc3959e8a3e7598e.php 第 268 行.
NOTIC: [8] Undefined index: pressure /var/www/html/zwin/car/Application/Runtime/Cache/Admin/da4cd6c0f72b4897fc3959e8a3e7598e.php 第 268 行.
NOTIC: [8] Undefined index: title /var/www/html/zwin/car/Application/Runtime/Cache/Admin/da4cd6c0f72b4897fc3959e8a3e7598e.php 第 271 行.
NOTIC: [8] Undefined index: type /var/www/html/zwin/car/Application/Runtime/Cache/Admin/da4cd6c0f72b4897fc3959e8a3e7598e.php 第 271 行.
NOTIC: [8] Undefined index: status /var/www/html/zwin/car/Application/Runtime/Cache/Admin/da4cd6c0f72b4897fc3959e8a3e7598e.php 第 271 行.
NOTIC: [8] Undefined index: pressure /var/www/html/zwin/car/Application/Runtime/Cache/Admin/da4cd6c0f72b4897fc3959e8a3e7598e.php 第 271 行.
NOTIC: [8] Undefined index: st /var/www/html/zwin/car/Application/Runtime/Cache/Admin/da4cd6c0f72b4897fc3959e8a3e7598e.php 第 274 行.
NOTIC: [8] Undefined index: et /var/www/html/zwin/car/Application/Runtime/Cache/Admin/da4cd6c0f72b4897fc3959e8a3e7598e.php 第 274 行.
NOTIC: [8] Undefined index: comp /var/www/html/zwin/car/Application/Runtime/Cache/Admin/da4cd6c0f72b4897fc3959e8a3e7598e.php 第 274 行.
NOTIC: [8] Undefined index: status /var/www/html/zwin/car/Application/Runtime/Cache/Admin/da4cd6c0f72b4897fc3959e8a3e7598e.php 第 274 行.
INFO: Run Behavior\ParseTemplate [ RunTime:0.021778s ]
INFO: [ view_parse ] --END-- [ RunTime:0.021847s ]
INFO: [ view_filter ] --START--
INFO: Run Behavior\WriteHtmlCache [ RunTime:0.000019s ]
INFO: [ view_filter ] --END-- [ RunTime:0.000071s ]
INFO: [ view_end ] --START--
INFO: [ view_end ] --END-- [ RunTime:0.000033s ]
INFO: [ app_end ] --START--
INFO: Run Behavior\ShowPageTrace [ RunTime:0.000046s ]
INFO: [ app_end ] --END-- [ RunTime:0.000104s ]

[ 2015-04-27T17:41:38+08:00 ] 60.25.170.19 /car/index.php?m=Home&c=User&a=Login
INFO: [ app_init ] --START--
INFO: [ app_init ] --END-- [ RunTime:0.000252s ]
INFO: [ app_begin ] --START--
INFO: Run Behavior\ReadHtmlCache [ RunTime:0.000044s ]
INFO: [ app_begin ] --END-- [ RunTime:0.000111s ]
INFO: [ action_begin ] --START--
INFO: [ action_begin ] --END-- [ RunTime:0.000039s ]
INFO: [ view_begin ] --START--
INFO: [ view_begin ] --END-- [ RunTime:0.000030s ]
INFO: [ view_parse ] --START--
INFO: [ template_filter ] --START--
INFO: Run Behavior\ContentReplace [ RunTime:0.000111s ]
INFO: [ template_filter ] --END-- [ RunTime:0.000182s ]
INFO: Run Behavior\ParseTemplate [ RunTime:0.008885s ]
INFO: [ view_parse ] --END-- [ RunTime:0.008955s ]
INFO: [ view_filter ] --START--
INFO: Run Behavior\WriteHtmlCache [ RunTime:0.000016s ]
INFO: [ view_filter ] --END-- [ RunTime:0.000068s ]
INFO: [ view_end ] --START--
INFO: [ view_end ] --END-- [ RunTime:0.000034s ]
INFO: [ app_end ] --START--
INFO: Run Behavior\ShowPageTrace [ RunTime:0.000043s ]
INFO: [ app_end ] --END-- [ RunTime:0.000113s ]

[ 2015-04-27T17:41:38+08:00 ] 60.25.170.19 /car/index.php?m=Home&c=User&a=verify
INFO: [ app_init ] --START--
INFO: [ app_init ] --END-- [ RunTime:0.000236s ]
INFO: [ app_begin ] --START--
INFO: Run Behavior\ReadHtmlCache [ RunTime:0.000075s ]
INFO: [ app_begin ] --END-- [ RunTime:0.000139s ]
INFO: [ action_begin ] --START--
INFO: [ action_begin ] --END-- [ RunTime:0.000034s ]
INFO: [ app_end ] --START--
INFO: Run Behavior\ShowPageTrace [ RunTime:0.000040s ]
INFO: [ app_end ] --END-- [ RunTime:0.000116s ]

[ 2015-04-27T17:41:49+08:00 ] 211.161.143.26 /car/index.php?m=Admin&c=User&a=ManageAll
INFO: [ app_init ] --START--
INFO: [ app_init ] --END-- [ RunTime:0.000248s ]
INFO: [ app_begin ] --START--
INFO: Run Behavior\ReadHtmlCache [ RunTime:0.000049s ]
INFO: [ app_begin ] --END-- [ RunTime:0.000120s ]
INFO: [ action_begin ] --START--
INFO: [ action_begin ] --END-- [ RunTime:0.000059s ]
SQL: SHOW COLUMNS FROM `car_user` [ RunTime:0.000702s ]
SQL: SELECT COUNT(*) AS tp_count FROM `car_user` LIMIT 1   [ RunTime:0.000237s ]
NOTIC: [8] Undefined index: page /var/www/html/zwin/car/Application/Admin/Controller/UserController.class.php 第 120 行.
SQL: SELECT `id`,`username`,`password`,`level`,`isDeleted`,`loginTime`,`regIp`,`lastLoginIp`,`IPone`,`Email`,`realname` FROM `car_user` LIMIT 0,10   [ RunTime:0.000214s ]
INFO: [ view_begin ] --START--
INFO: [ view_begin ] --END-- [ RunTime:0.000028s ]
INFO: [ view_parse ] --START--
INFO: [ template_filter ] --START--
INFO: Run Behavior\ContentReplace [ RunTime:0.000154s ]
INFO: [ template_filter ] --END-- [ RunTime:0.000246s ]
NOTIC: [8] Undefined variable: waterLise /var/www/html/zwin/car/Application/Runtime/Cache/Admin/046b9fcf8660fe53914012c5a9a700fe.php 第 69 行.
NOTIC: [8] Undefined variable: m7 /var/www/html/zwin/car/Application/Runtime/Cache/Admin/046b9fcf8660fe53914012c5a9a700fe.php 第 75 行.
NOTIC: [8] Undefined variable: m6 /var/www/html/zwin/car/Application/Runtime/Cache/Admin/046b9fcf8660fe53914012c5a9a700fe.php 第 76 行.
NOTIC: [8] Undefined variable: m12 /var/www/html/zwin/car/Application/Runtime/Cache/Admin/046b9fcf8660fe53914012c5a9a700fe.php 第 77 行.
NOTIC: [8] Undefined variable: m13 /var/www/html/zwin/car/Application/Runtime/Cache/Admin/046b9fcf8660fe53914012c5a9a700fe.php 第 78 行.
NOTIC: [8] Undefined variable: m8 /var/www/html/zwin/car/Application/Runtime/Cache/Admin/046b9fcf8660fe53914012c5a9a700fe.php 第 81 行.
NOTIC: [8] Undefined variable: m11 /var/www/html/zwin/car/Application/Runtime/Cache/Admin/046b9fcf8660fe53914012c5a9a700fe.php 第 82 行.
INFO: Run Behavior\ParseTemplate [ RunTime:0.014135s ]
INFO: [ view_parse ] --END-- [ RunTime:0.014207s ]
INFO: [ view_filter ] --START--
INFO: Run Behavior\WriteHtmlCache [ RunTime:0.000029s ]
INFO: [ view_filter ] --END-- [ RunTime:0.000096s ]
INFO: [ view_end ] --START--
INFO: [ view_end ] --END-- [ RunTime:0.000039s ]
INFO: [ app_end ] --START--
INFO: Run Behavior\ShowPageTrace [ RunTime:0.000056s ]
INFO: [ app_end ] --END-- [ RunTime:0.000129s ]

[ 2015-04-27T17:41:51+08:00 ] 211.161.143.26 /car/index.php?m=Admin&c=Index&a=Index
INFO: [ app_init ] --START--
INFO: [ app_init ] --END-- [ RunTime:0.000304s ]
INFO: [ app_begin ] --START--
INFO: Run Behavior\ReadHtmlCache [ RunTime:0.000045s ]
INFO: [ app_begin ] --END-- [ RunTime:0.000135s ]
INFO: [ action_begin ] --START--
INFO: [ action_begin ] --END-- [ RunTime:0.000062s ]
SQL: SHOW COLUMNS FROM `car_water` [ RunTime:0.000450s ]
ERR: 1146:Table 'car.car_water' doesn't exist
 [ SQL语句 ] : SHOW COLUMNS FROM `car_water`
SQL: SELECT COUNT(*) AS tp_count FROM `car_water` WHERE ( `isDelete` = 0 ) LIMIT 1   [ RunTime:0.000194s ]
ERR: 1146:Table 'car.car_water' doesn't exist
 [ SQL语句 ] : SELECT COUNT(*) AS tp_count FROM `car_water` WHERE ( `isDelete` = 0 ) LIMIT 1  
NOTIC: [8] Undefined index: page /var/www/html/zwin/car/Application/Admin/Controller/IndexController.class.php 第 75 行.
SQL: SELECT * FROM `car_water` WHERE ( `isDelete` = 0 ) ORDER BY id desc LIMIT 0,10   [ RunTime:0.000163s ]
ERR: 1146:Table 'car.car_water' doesn't exist
 [ SQL语句 ] : SELECT * FROM `car_water` WHERE ( `isDelete` = 0 ) ORDER BY id desc LIMIT 0,10  
SQL: SHOW COLUMNS FROM `car_user` [ RunTime:0.000496s ]
SQL: SELECT `id`,`realname` FROM `car_user`  [ RunTime:0.000240s ]
NOTIC: [8] Undefined index:  /var/www/html/zwin/car/Application/Admin/Controller/IndexController.class.php 第 95 行.
SQL: SELECT COUNT(*) AS tp_count FROM `car_water` WHERE ( isDelete=0 ) LIMIT 1   [ RunTime:0.000137s ]
ERR: 1146:Table 'car.car_water' doesn't exist
 [ SQL语句 ] : SELECT COUNT(*) AS tp_count FROM `car_water` WHERE ( isDelete=0 ) LIMIT 1  
SQL: SELECT COUNT(*) AS tp_count FROM `car_water` WHERE ( confirm=1 and isDelete=0 ) LIMIT 1   [ RunTime:0.000129s ]
ERR: 1146:Table 'car.car_water' doesn't exist
 [ SQL语句 ] : SELECT COUNT(*) AS tp_count FROM `car_water` WHERE ( confirm=1 and isDelete=0 ) LIMIT 1  
SQL: SELECT COUNT(*) AS tp_count FROM `car_water` WHERE ( confirm=0 and isDelete=0 ) LIMIT 1   [ RunTime:0.000128s ]
ERR: 1146:Table 'car.car_water' doesn't exist
 [ SQL语句 ] : SELECT COUNT(*) AS tp_count FROM `car_water` WHERE ( confirm=0 and isDelete=0 ) LIMIT 1  
SQL: SELECT COUNT(*) AS tp_count FROM `car_water` WHERE ( confirm=-1 and isDelete=0 ) LIMIT 1   [ RunTime:0.000130s ]
ERR: 1146:Table 'car.car_water' doesn't exist
 [ SQL语句 ] : SELECT COUNT(*) AS tp_count FROM `car_water` WHERE ( confirm=-1 and isDelete=0 ) LIMIT 1  
INFO: [ view_begin ] --START--
INFO: [ view_begin ] --END-- [ RunTime:0.000026s ]
INFO: [ view_parse ] --START--
INFO: [ template_filter ] --START--
INFO: Run Behavior\ContentReplace [ RunTime:0.000137s ]
INFO: [ template_filter ] --END-- [ RunTime:0.000212s ]
NOTIC: [8] Undefined variable: Manageall /var/www/html/zwin/car/Application/Runtime/Cache/Admin/da4cd6c0f72b4897fc3959e8a3e7598e.php 第 86 行.
NOTIC: [8] Undefined variable: m7 /var/www/html/zwin/car/Application/Runtime/Cache/Admin/da4cd6c0f72b4897fc3959e8a3e7598e.php 第 88 行.
NOTIC: [8] Undefined variable: m6 /var/www/html/zwin/car/Application/Runtime/Cache/Admin/da4cd6c0f72b4897fc3959e8a3e7598e.php 第 89 行.
NOTIC: [8] Undefined variable: m12 /var/www/html/zwin/car/Application/Runtime/Cache/Admin/da4cd6c0f72b4897fc3959e8a3e7598e.php 第 90 行.
NOTIC: [8] Undefined variable: m13 /var/www/html/zwin/car/Application/Runtime/Cache/Admin/da4cd6c0f72b4897fc3959e8a3e7598e.php 第 91 行.
NOTIC: [8] Undefined variable: m8 /var/www/html/zwin/car/Application/Runtime/Cache/Admin/da4cd6c0f72b4897fc3959e8a3e7598e.php 第 94 行.
NOTIC: [8] Undefined variable: m11 /var/www/html/zwin/car/Application/Runtime/Cache/Admin/da4cd6c0f72b4897fc3959e8a3e7598e.php 第 95 行.
NOTIC: [8] Undefined index: title /var/www/html/zwin/car/Application/Runtime/Cache/Admin/da4cd6c0f72b4897fc3959e8a3e7598e.php 第 112 行.
NOTIC: [8] Undefined index: collector /var/www/html/zwin/car/Application/Runtime/Cache/Admin/da4cd6c0f72b4897fc3959e8a3e7598e.php 第 148 行.
NOTIC: [8] Undefined index: id /var/www/html/zwin/car/Application/Runtime/Cache/Admin/da4cd6c0f72b4897fc3959e8a3e7598e.php 第 201 行.
NOTIC: [8] Undefined index: title /var/www/html/zwin/car/Application/Runtime/Cache/Admin/da4cd6c0f72b4897fc3959e8a3e7598e.php 第 203 行.
NOTIC: [8] Undefined index: type /var/www/html/zwin/car/Application/Runtime/Cache/Admin/da4cd6c0f72b4897fc3959e8a3e7598e.php 第 205 行.
NOTIC: [8] Undefined index: type /var/www/html/zwin/car/Application/Runtime/Cache/Admin/da4cd6c0f72b4897fc3959e8a3e7598e.php 第 206 行.
NOTIC: [8] Undefined index: type /var/www/html/zwin/car/Application/Runtime/Cache/Admin/da4cd6c0f72b4897fc3959e8a3e7598e.php 第 208 行.
NOTIC: [8] Undefined index: type /var/www/html/zwin/car/Application/Runtime/Cache/Admin/da4cd6c0f72b4897fc3959e8a3e7598e.php 第 210 行.
NOTIC: [8] Undefined index: type /var/www/html/zwin/car/Application/Runtime/Cache/Admin/da4cd6c0f72b4897fc3959e8a3e7598e.php 第 212 行.
NOTIC: [8] Undefined index: status /var/www/html/zwin/car/Application/Runtime/Cache/Admin/da4cd6c0f72b4897fc3959e8a3e7598e.php 第 217 行.
NOTIC: [8] Undefined index: status /var/www/html/zwin/car/Application/Runtime/Cache/Admin/da4cd6c0f72b4897fc3959e8a3e7598e.php 第 218 行.
NOTIC: [8] Undefined index: status /var/www/html/zwin/car/Application/Runtime/Cache/Admin/da4cd6c0f72b4897fc3959e8a3e7598e.php 第 220 行.
NOTIC: [8] Undefined index: pressure /var/www/html/zwin/car/Application/Runtime/Cache/Admin/da4cd6c0f72b4897fc3959e8a3e7598e.php 第 225 行.
NOTIC: [8] Undefined index: pressure /var/www/html/zwin/car/Application/Runtime/Cache/Admin/da4cd6c0f72b4897fc3959e8a3e7598e.php 第 226 行.
NOTIC: [8] Undefined index: date /var/www/html/zwin/car/Application/Runtime/Cache/Admin/da4cd6c0f72b4897fc3959e8a3e7598e.php 第 231 行.
NOTIC: [8] Undefined index: confirm /var/www/html/zwin/car/Application/Runtime/Cache/Admin/da4cd6c0f72b4897fc3959e8a3e7598e.php 第 233 行.
NOTIC: [8] Undefined index: id /var/www/html/zwin/car/Application/Runtime/Cache/Admin/da4cd6c0f72b4897fc3959e8a3e7598e.php 第 239 行.
NOTIC: [8] Undefined index: id /var/www/html/zwin/car/Application/Runtime/Cache/Admin/da4cd6c0f72b4897fc3959e8a3e7598e.php 第 240 行.
NOTIC: [8] Undefined index: title /var/www/html/zwin/car/Application/Runtime/Cache/Admin/da4cd6c0f72b4897fc3959e8a3e7598e.php 第 261 行.
NOTIC: [8] Undefined index: type /var/www/html/zwin/car/Application/Runtime/Cache/Admin/da4cd6c0f72b4897fc3959e8a3e7598e.php 第 261 行.
NOTIC: [8] Undefined index: status /var/www/html/zwin/car/Application/Runtime/Cache/Admin/da4cd6c0f72b4897fc3959e8a3e7598e.php 第 261 行.
NOTIC: [8] Undefined index: pressure /var/www/html/zwin/car/Application/Runtime/Cache/Admin/da4cd6c0f72b4897fc3959e8a3e7598e.php 第 261 行.
NOTIC: [8] Undefined index: title /var/www/html/zwin/car/Application/Runtime/Cache/Admin/da4cd6c0f72b4897fc3959e8a3e7598e.php 第 265 行.
NOTIC: [8] Undefined index: type /var/www/html/zwin/car/Application/Runtime/Cache/Admin/da4cd6c0f72b4897fc3959e8a3e7598e.php 第 265 行.
NOTIC: [8] Undefined index: status /var/www/html/zwin/car/Application/Runtime/Cache/Admin/da4cd6c0f72b4897fc3959e8a3e7598e.php 第 265 行.
NOTIC: [8] Undefined index: pressure /var/www/html/zwin/car/Application/Runtime/Cache/Admin/da4cd6c0f72b4897fc3959e8a3e7598e.php 第 265 行.
NOTIC: [8] Undefined index: title /var/www/html/zwin/car/Application/Runtime/Cache/Admin/da4cd6c0f72b4897fc3959e8a3e7598e.php 第 268 行.
NOTIC: [8] Undefined index: type /var/www/html/zwin/car/Application/Runtime/Cache/Admin/da4cd6c0f72b4897fc3959e8a3e7598e.php 第 268 行.
NOTIC: [8] Undefined index: status /var/www/html/zwin/car/Application/Runtime/Cache/Admin/da4cd6c0f72b4897fc3959e8a3e7598e.php 第 268 行.
NOTIC: [8] Undefined index: pressure /var/www/html/zwin/car/Application/Runtime/Cache/Admin/da4cd6c0f72b4897fc3959e8a3e7598e.php 第 268 行.
NOTIC: [8] Undefined index: title /var/www/html/zwin/car/Application/Runtime/Cache/Admin/da4cd6c0f72b4897fc3959e8a3e7598e.php 第 271 行.
NOTIC: [8] Undefined index: type /var/www/html/zwin/car/Application/Runtime/Cache/Admin/da4cd6c0f72b4897fc3959e8a3e7598e.php 第 271 行.
NOTIC: [8] Undefined index: status /var/www/html/zwin/car/Application/Runtime/Cache/Admin/da4cd6c0f72b4897fc3959e8a3e7598e.php 第 271 行.
NOTIC: [8] Undefined index: pressure /var/www/html/zwin/car/Application/Runtime/Cache/Admin/da4cd6c0f72b4897fc3959e8a3e7598e.php 第 271 行.
NOTIC: [8] Undefined index: st /var/www/html/zwin/car/Application/Runtime/Cache/Admin/da4cd6c0f72b4897fc3959e8a3e7598e.php 第 274 行.
NOTIC: [8] Undefined index: et /var/www/html/zwin/car/Application/Runtime/Cache/Admin/da4cd6c0f72b4897fc3959e8a3e7598e.php 第 274 行.
NOTIC: [8] Undefined index: comp /var/www/html/zwin/car/Application/Runtime/Cache/Admin/da4cd6c0f72b4897fc3959e8a3e7598e.php 第 274 行.
NOTIC: [8] Undefined index: status /var/www/html/zwin/car/Application/Runtime/Cache/Admin/da4cd6c0f72b4897fc3959e8a3e7598e.php 第 274 行.
INFO: Run Behavior\ParseTemplate [ RunTime:0.020507s ]
INFO: [ view_parse ] --END-- [ RunTime:0.020584s ]
INFO: [ view_filter ] --START--
INFO: Run Behavior\WriteHtmlCache [ RunTime:0.000018s ]
INFO: [ view_filter ] --END-- [ RunTime:0.000070s ]
INFO: [ view_end ] --START--
INFO: [ view_end ] --END-- [ RunTime:0.000028s ]
INFO: [ app_end ] --START--
INFO: Run Behavior\ShowPageTrace [ RunTime:0.000039s ]
INFO: [ app_end ] --END-- [ RunTime:0.000104s ]

[ 2015-04-27T17:41:52+08:00 ] 60.25.170.19 /car/index.php?m=Home&c=User&a=Login
INFO: [ app_init ] --START--
INFO: [ app_init ] --END-- [ RunTime:0.000242s ]
INFO: [ app_begin ] --START--
INFO: Run Behavior\ReadHtmlCache [ RunTime:0.000041s ]
INFO: [ app_begin ] --END-- [ RunTime:0.000104s ]
INFO: [ action_begin ] --START--
INFO: [ action_begin ] --END-- [ RunTime:0.000036s ]
NOTIC: [8] Use of undefined constant time_format - assumed 'time_format' /var/www/html/zwin/car/ThinkPHP/Common/functions.php 第 419 行.
SQL: SHOW COLUMNS FROM `car_user` [ RunTime:0.000718s ]
SQL: SELECT `id`,`username`,`password`,`level`,`isDeleted`,`loginTime`,`regIp`,`lastLoginIp`,`IPone`,`Email`,`realname` FROM `car_user` WHERE ( `username` = 'admin' ) AND ( `password` = 'admin2014' )  [ RunTime:0.000332s ]
SQL: UPDATE `car_user` SET `loginTime`='2015-04-27 17:41:52',`lastLoginIp`='60.25.170.19' WHERE ( `id` = 46 ) [ RunTime:0.015261s ]
SQL: SHOW COLUMNS FROM `car_company` [ RunTime:0.000498s ]
ERR: 1146:Table 'car.car_company' doesn't exist
 [ SQL语句 ] : SHOW COLUMNS FROM `car_company`
SQL: SELECT `company` FROM `car_company` WHERE ( id=46 ) LIMIT 1   [ RunTime:0.000139s ]
ERR: 1146:Table 'car.car_company' doesn't exist
 [ SQL语句 ] : SELECT `company` FROM `car_company` WHERE ( id=46 ) LIMIT 1  
SQL: SHOW COLUMNS FROM `car_log` [ RunTime:0.000457s ]
SQL: INSERT INTO `car_log` (`function`,`uid`,`message`,`creatTime`) VALUES ('user_login',46,'loginSuccess','2015-04-27 17:41:52') [ RunTime:0.013805s ]
INFO: [ view_begin ] --START--
INFO: [ view_begin ] --END-- [ RunTime:0.000028s ]
INFO: [ view_parse ] --START--
INFO: [ template_filter ] --START--
INFO: Run Behavior\ContentReplace [ RunTime:0.000066s ]
INFO: [ template_filter ] --END-- [ RunTime:0.000137s ]
INFO: Run Behavior\ParseTemplate [ RunTime:0.005358s ]
INFO: [ view_parse ] --END-- [ RunTime:0.005470s ]
INFO: [ view_filter ] --START--
INFO: Run Behavior\WriteHtmlCache [ RunTime:0.000016s ]
INFO: [ view_filter ] --END-- [ RunTime:0.000074s ]
INFO: [ view_end ] --START--
INFO: [ view_end ] --END-- [ RunTime:0.000023s ]
INFO: [ app_end ] --START--
INFO: Run Behavior\ShowPageTrace [ RunTime:0.000038s ]
INFO: [ app_end ] --END-- [ RunTime:0.000090s ]

[ 2015-04-27T17:41:54+08:00 ] 60.25.170.19 /car/index.php?m=Home&c=Index&a=index
INFO: [ app_init ] --START--
INFO: [ app_init ] --END-- [ RunTime:0.000232s ]
INFO: [ app_begin ] --START--
INFO: Run Behavior\ReadHtmlCache [ RunTime:0.000045s ]
INFO: [ app_begin ] --END-- [ RunTime:0.000122s ]
INFO: [ action_begin ] --START--
INFO: [ action_begin ] --END-- [ RunTime:0.000032s ]

[ 2015-04-27T17:41:54+08:00 ] 60.25.170.19 /car/index.php?m=Admin&c=Index&a=Index
INFO: [ app_init ] --START--
INFO: [ app_init ] --END-- [ RunTime:0.000277s ]
INFO: [ app_begin ] --START--
INFO: Run Behavior\ReadHtmlCache [ RunTime:0.000048s ]
INFO: [ app_begin ] --END-- [ RunTime:0.000113s ]
INFO: [ action_begin ] --START--
INFO: [ action_begin ] --END-- [ RunTime:0.000043s ]
SQL: SHOW COLUMNS FROM `car_water` [ RunTime:0.000485s ]
ERR: 1146:Table 'car.car_water' doesn't exist
 [ SQL语句 ] : SHOW COLUMNS FROM `car_water`
SQL: SELECT COUNT(*) AS tp_count FROM `car_water` WHERE ( `isDelete` = 0 ) LIMIT 1   [ RunTime:0.000170s ]
ERR: 1146:Table 'car.car_water' doesn't exist
 [ SQL语句 ] : SELECT COUNT(*) AS tp_count FROM `car_water` WHERE ( `isDelete` = 0 ) LIMIT 1  
NOTIC: [8] Undefined index: page /var/www/html/zwin/car/Application/Admin/Controller/IndexController.class.php 第 75 行.
SQL: SELECT * FROM `car_water` WHERE ( `isDelete` = 0 ) ORDER BY id desc LIMIT 0,10   [ RunTime:0.000142s ]
ERR: 1146:Table 'car.car_water' doesn't exist
 [ SQL语句 ] : SELECT * FROM `car_water` WHERE ( `isDelete` = 0 ) ORDER BY id desc LIMIT 0,10  
SQL: SHOW COLUMNS FROM `car_user` [ RunTime:0.000502s ]
SQL: SELECT `id`,`realname` FROM `car_user`  [ RunTime:0.000224s ]
NOTIC: [8] Undefined index:  /var/www/html/zwin/car/Application/Admin/Controller/IndexController.class.php 第 95 行.
SQL: SELECT COUNT(*) AS tp_count FROM `car_water` WHERE ( isDelete=0 ) LIMIT 1   [ RunTime:0.000133s ]
ERR: 1146:Table 'car.car_water' doesn't exist
 [ SQL语句 ] : SELECT COUNT(*) AS tp_count FROM `car_water` WHERE ( isDelete=0 ) LIMIT 1  
SQL: SELECT COUNT(*) AS tp_count FROM `car_water` WHERE ( confirm=1 and isDelete=0 ) LIMIT 1   [ RunTime:0.000130s ]
ERR: 1146:Table 'car.car_water' doesn't exist
 [ SQL语句 ] : SELECT COUNT(*) AS tp_count FROM `car_water` WHERE ( confirm=1 and isDelete=0 ) LIMIT 1  
SQL: SELECT COUNT(*) AS tp_count FROM `car_water` WHERE ( confirm=0 and isDelete=0 ) LIMIT 1   [ RunTime:0.000136s ]
ERR: 1146:Table 'car.car_water' doesn't exist
 [ SQL语句 ] : SELECT COUNT(*) AS tp_count FROM `car_water` WHERE ( confirm=0 and isDelete=0 ) LIMIT 1  
SQL: SELECT COUNT(*) AS tp_count FROM `car_water` WHERE ( confirm=-1 and isDelete=0 ) LIMIT 1   [ RunTime:0.000162s ]
ERR: 1146:Table 'car.car_water' doesn't exist
 [ SQL语句 ] : SELECT COUNT(*) AS tp_count FROM `car_water` WHERE ( confirm=-1 and isDelete=0 ) LIMIT 1  
INFO: [ view_begin ] --START--
INFO: [ view_begin ] --END-- [ RunTime:0.000053s ]
INFO: [ view_parse ] --START--
INFO: [ template_filter ] --START--
INFO: Run Behavior\ContentReplace [ RunTime:0.000144s ]
INFO: [ template_filter ] --END-- [ RunTime:0.000232s ]
NOTIC: [8] Undefined variable: Manageall /var/www/html/zwin/car/Application/Runtime/Cache/Admin/da4cd6c0f72b4897fc3959e8a3e7598e.php 第 86 行.
NOTIC: [8] Undefined variable: m7 /var/www/html/zwin/car/Application/Runtime/Cache/Admin/da4cd6c0f72b4897fc3959e8a3e7598e.php 第 88 行.
NOTIC: [8] Undefined variable: m6 /var/www/html/zwin/car/Application/Runtime/Cache/Admin/da4cd6c0f72b4897fc3959e8a3e7598e.php 第 89 行.
NOTIC: [8] Undefined variable: m12 /var/www/html/zwin/car/Application/Runtime/Cache/Admin/da4cd6c0f72b4897fc3959e8a3e7598e.php 第 90 行.
NOTIC: [8] Undefined variable: m13 /var/www/html/zwin/car/Application/Runtime/Cache/Admin/da4cd6c0f72b4897fc3959e8a3e7598e.php 第 91 行.
NOTIC: [8] Undefined variable: m8 /var/www/html/zwin/car/Application/Runtime/Cache/Admin/da4cd6c0f72b4897fc3959e8a3e7598e.php 第 94 行.
NOTIC: [8] Undefined variable: m11 /var/www/html/zwin/car/Application/Runtime/Cache/Admin/da4cd6c0f72b4897fc3959e8a3e7598e.php 第 95 行.
NOTIC: [8] Undefined index: title /var/www/html/zwin/car/Application/Runtime/Cache/Admin/da4cd6c0f72b4897fc3959e8a3e7598e.php 第 112 行.
NOTIC: [8] Undefined index: collector /var/www/html/zwin/car/Application/Runtime/Cache/Admin/da4cd6c0f72b4897fc3959e8a3e7598e.php 第 148 行.
NOTIC: [8] Undefined index: id /var/www/html/zwin/car/Application/Runtime/Cache/Admin/da4cd6c0f72b4897fc3959e8a3e7598e.php 第 201 行.
NOTIC: [8] Undefined index: title /var/www/html/zwin/car/Application/Runtime/Cache/Admin/da4cd6c0f72b4897fc3959e8a3e7598e.php 第 203 行.
NOTIC: [8] Undefined index: type /var/www/html/zwin/car/Application/Runtime/Cache/Admin/da4cd6c0f72b4897fc3959e8a3e7598e.php 第 205 行.
NOTIC: [8] Undefined index: type /var/www/html/zwin/car/Application/Runtime/Cache/Admin/da4cd6c0f72b4897fc3959e8a3e7598e.php 第 206 行.
NOTIC: [8] Undefined index: type /var/www/html/zwin/car/Application/Runtime/Cache/Admin/da4cd6c0f72b4897fc3959e8a3e7598e.php 第 208 行.
NOTIC: [8] Undefined index: type /var/www/html/zwin/car/Application/Runtime/Cache/Admin/da4cd6c0f72b4897fc3959e8a3e7598e.php 第 210 行.
NOTIC: [8] Undefined index: type /var/www/html/zwin/car/Application/Runtime/Cache/Admin/da4cd6c0f72b4897fc3959e8a3e7598e.php 第 212 行.
NOTIC: [8] Undefined index: status /var/www/html/zwin/car/Application/Runtime/Cache/Admin/da4cd6c0f72b4897fc3959e8a3e7598e.php 第 217 行.
NOTIC: [8] Undefined index: status /var/www/html/zwin/car/Application/Runtime/Cache/Admin/da4cd6c0f72b4897fc3959e8a3e7598e.php 第 218 行.
NOTIC: [8] Undefined index: status /var/www/html/zwin/car/Application/Runtime/Cache/Admin/da4cd6c0f72b4897fc3959e8a3e7598e.php 第 220 行.
NOTIC: [8] Undefined index: pressure /var/www/html/zwin/car/Application/Runtime/Cache/Admin/da4cd6c0f72b4897fc3959e8a3e7598e.php 第 225 行.
NOTIC: [8] Undefined index: pressure /var/www/html/zwin/car/Application/Runtime/Cache/Admin/da4cd6c0f72b4897fc3959e8a3e7598e.php 第 226 行.
NOTIC: [8] Undefined index: date /var/www/html/zwin/car/Application/Runtime/Cache/Admin/da4cd6c0f72b4897fc3959e8a3e7598e.php 第 231 行.
NOTIC: [8] Undefined index: confirm /var/www/html/zwin/car/Application/Runtime/Cache/Admin/da4cd6c0f72b4897fc3959e8a3e7598e.php 第 233 行.
NOTIC: [8] Undefined index: id /var/www/html/zwin/car/Application/Runtime/Cache/Admin/da4cd6c0f72b4897fc3959e8a3e7598e.php 第 239 行.
NOTIC: [8] Undefined index: id /var/www/html/zwin/car/Application/Runtime/Cache/Admin/da4cd6c0f72b4897fc3959e8a3e7598e.php 第 240 行.
NOTIC: [8] Undefined index: title /var/www/html/zwin/car/Application/Runtime/Cache/Admin/da4cd6c0f72b4897fc3959e8a3e7598e.php 第 261 行.
NOTIC: [8] Undefined index: type /var/www/html/zwin/car/Application/Runtime/Cache/Admin/da4cd6c0f72b4897fc3959e8a3e7598e.php 第 261 行.
NOTIC: [8] Undefined index: status /var/www/html/zwin/car/Application/Runtime/Cache/Admin/da4cd6c0f72b4897fc3959e8a3e7598e.php 第 261 行.
NOTIC: [8] Undefined index: pressure /var/www/html/zwin/car/Application/Runtime/Cache/Admin/da4cd6c0f72b4897fc3959e8a3e7598e.php 第 261 行.
NOTIC: [8] Undefined index: title /var/www/html/zwin/car/Application/Runtime/Cache/Admin/da4cd6c0f72b4897fc3959e8a3e7598e.php 第 265 行.
NOTIC: [8] Undefined index: type /var/www/html/zwin/car/Application/Runtime/Cache/Admin/da4cd6c0f72b4897fc3959e8a3e7598e.php 第 265 行.
NOTIC: [8] Undefined index: status /var/www/html/zwin/car/Application/Runtime/Cache/Admin/da4cd6c0f72b4897fc3959e8a3e7598e.php 第 265 行.
NOTIC: [8] Undefined index: pressure /var/www/html/zwin/car/Application/Runtime/Cache/Admin/da4cd6c0f72b4897fc3959e8a3e7598e.php 第 265 行.
NOTIC: [8] Undefined index: title /var/www/html/zwin/car/Application/Runtime/Cache/Admin/da4cd6c0f72b4897fc3959e8a3e7598e.php 第 268 行.
NOTIC: [8] Undefined index: type /var/www/html/zwin/car/Application/Runtime/Cache/Admin/da4cd6c0f72b4897fc3959e8a3e7598e.php 第 268 行.
NOTIC: [8] Undefined index: status /var/www/html/zwin/car/Application/Runtime/Cache/Admin/da4cd6c0f72b4897fc3959e8a3e7598e.php 第 268 行.
NOTIC: [8] Undefined index: pressure /var/www/html/zwin/car/Application/Runtime/Cache/Admin/da4cd6c0f72b4897fc3959e8a3e7598e.php 第 268 行.
NOTIC: [8] Undefined index: title /var/www/html/zwin/car/Application/Runtime/Cache/Admin/da4cd6c0f72b4897fc3959e8a3e7598e.php 第 271 行.
NOTIC: [8] Undefined index: type /var/www/html/zwin/car/Application/Runtime/Cache/Admin/da4cd6c0f72b4897fc3959e8a3e7598e.php 第 271 行.
NOTIC: [8] Undefined index: status /var/www/html/zwin/car/Application/Runtime/Cache/Admin/da4cd6c0f72b4897fc3959e8a3e7598e.php 第 271 行.
NOTIC: [8] Undefined index: pressure /var/www/html/zwin/car/Application/Runtime/Cache/Admin/da4cd6c0f72b4897fc3959e8a3e7598e.php 第 271 行.
NOTIC: [8] Undefined index: st /var/www/html/zwin/car/Application/Runtime/Cache/Admin/da4cd6c0f72b4897fc3959e8a3e7598e.php 第 274 行.
NOTIC: [8] Undefined index: et /var/www/html/zwin/car/Application/Runtime/Cache/Admin/da4cd6c0f72b4897fc3959e8a3e7598e.php 第 274 行.
NOTIC: [8] Undefined index: comp /var/www/html/zwin/car/Application/Runtime/Cache/Admin/da4cd6c0f72b4897fc3959e8a3e7598e.php 第 274 行.
NOTIC: [8] Undefined index: status /var/www/html/zwin/car/Application/Runtime/Cache/Admin/da4cd6c0f72b4897fc3959e8a3e7598e.php 第 274 行.
INFO: Run Behavior\ParseTemplate [ RunTime:0.020762s ]
INFO: [ view_parse ] --END-- [ RunTime:0.020836s ]
INFO: [ view_filter ] --START--
INFO: Run Behavior\WriteHtmlCache [ RunTime:0.000020s ]
INFO: [ view_filter ] --END-- [ RunTime:0.000072s ]
INFO: [ view_end ] --START--
INFO: [ view_end ] --END-- [ RunTime:0.000027s ]
INFO: [ app_end ] --START--
INFO: Run Behavior\ShowPageTrace [ RunTime:0.000044s ]
INFO: [ app_end ] --END-- [ RunTime:0.000117s ]

[ 2015-04-27T17:42:10+08:00 ] 211.161.143.26 /car/index.php?m=Admin&c=Index&a=detail&id=
INFO: [ app_init ] --START--
INFO: [ app_init ] --END-- [ RunTime:0.000299s ]
INFO: [ app_begin ] --START--
INFO: Run Behavior\ReadHtmlCache [ RunTime:0.000048s ]
INFO: [ app_begin ] --END-- [ RunTime:0.000124s ]
INFO: [ action_begin ] --START--
INFO: [ action_begin ] --END-- [ RunTime:0.000034s ]
INFO: [ view_begin ] --START--
INFO: [ view_begin ] --END-- [ RunTime:0.000027s ]
INFO: [ view_parse ] --START--
INFO: [ template_filter ] --START--
INFO: Run Behavior\ContentReplace [ RunTime:0.000059s ]
INFO: [ template_filter ] --END-- [ RunTime:0.000127s ]
INFO: Run Behavior\ParseTemplate [ RunTime:0.005397s ]
INFO: [ view_parse ] --END-- [ RunTime:0.005458s ]
INFO: [ view_filter ] --START--
INFO: Run Behavior\WriteHtmlCache [ RunTime:0.000015s ]
INFO: [ view_filter ] --END-- [ RunTime:0.000065s ]
INFO: [ view_end ] --START--
INFO: [ view_end ] --END-- [ RunTime:0.000022s ]

[ 2015-04-27T17:44:31+08:00 ] 60.25.170.19 /car/index.php?m=Admin&c=User&a=ManageAll
INFO: [ app_init ] --START--
INFO: [ app_init ] --END-- [ RunTime:0.000236s ]
INFO: [ app_begin ] --START--
INFO: Run Behavior\ReadHtmlCache [ RunTime:0.000044s ]
INFO: [ app_begin ] --END-- [ RunTime:0.000108s ]
INFO: [ action_begin ] --START--
INFO: [ action_begin ] --END-- [ RunTime:0.000060s ]
SQL: SHOW COLUMNS FROM `car_user` [ RunTime:0.000712s ]
SQL: SELECT COUNT(*) AS tp_count FROM `car_user` LIMIT 1   [ RunTime:0.000277s ]
NOTIC: [8] Undefined index: page /var/www/html/zwin/car/Application/Admin/Controller/UserController.class.php 第 120 行.
SQL: SELECT `id`,`username`,`password`,`level`,`isDeleted`,`loginTime`,`regIp`,`lastLoginIp`,`IPone`,`Email`,`realname` FROM `car_user` LIMIT 0,10   [ RunTime:0.000169s ]
INFO: [ view_begin ] --START--
INFO: [ view_begin ] --END-- [ RunTime:0.000032s ]
INFO: [ view_parse ] --START--
INFO: [ template_filter ] --START--
INFO: Run Behavior\ContentReplace [ RunTime:0.000103s ]
INFO: [ template_filter ] --END-- [ RunTime:0.000189s ]
NOTIC: [8] Undefined variable: waterLise /var/www/html/zwin/car/Application/Runtime/Cache/Admin/046b9fcf8660fe53914012c5a9a700fe.php 第 69 行.
NOTIC: [8] Undefined variable: m7 /var/www/html/zwin/car/Application/Runtime/Cache/Admin/046b9fcf8660fe53914012c5a9a700fe.php 第 75 行.
NOTIC: [8] Undefined variable: m6 /var/www/html/zwin/car/Application/Runtime/Cache/Admin/046b9fcf8660fe53914012c5a9a700fe.php 第 76 行.
NOTIC: [8] Undefined variable: m12 /var/www/html/zwin/car/Application/Runtime/Cache/Admin/046b9fcf8660fe53914012c5a9a700fe.php 第 77 行.
NOTIC: [8] Undefined variable: m13 /var/www/html/zwin/car/Application/Runtime/Cache/Admin/046b9fcf8660fe53914012c5a9a700fe.php 第 78 行.
NOTIC: [8] Undefined variable: m8 /var/www/html/zwin/car/Application/Runtime/Cache/Admin/046b9fcf8660fe53914012c5a9a700fe.php 第 81 行.
NOTIC: [8] Undefined variable: m11 /var/www/html/zwin/car/Application/Runtime/Cache/Admin/046b9fcf8660fe53914012c5a9a700fe.php 第 82 行.
INFO: Run Behavior\ParseTemplate [ RunTime:0.013204s ]
INFO: [ view_parse ] --END-- [ RunTime:0.013292s ]
INFO: [ view_filter ] --START--
INFO: Run Behavior\WriteHtmlCache [ RunTime:0.000017s ]
INFO: [ view_filter ] --END-- [ RunTime:0.000069s ]
INFO: [ view_end ] --START--
INFO: [ view_end ] --END-- [ RunTime:0.000027s ]
INFO: [ app_end ] --START--
INFO: Run Behavior\ShowPageTrace [ RunTime:0.000039s ]
INFO: [ app_end ] --END-- [ RunTime:0.000095s ]

