[ 2015-05-09T15:03:48+08:00 ] 211.161.143.26 /car/
INFO: [ app_init ] --START--
INFO: [ app_init ] --END-- [ RunTime:0.000239s ]
INFO: [ app_begin ] --START--
INFO: Run Behavior\ReadHtmlCache [ RunTime:0.000073s ]
INFO: [ app_begin ] --END-- [ RunTime:0.000171s ]
INFO: [ action_begin ] --START--
INFO: [ action_begin ] --END-- [ RunTime:0.000033s ]
INFO: [ view_begin ] --START--
INFO: [ view_begin ] --END-- [ RunTime:0.000048s ]
INFO: [ view_parse ] --START--
INFO: [ template_filter ] --START--
INFO: Run Behavior\ContentReplace [ RunTime:0.000061s ]
INFO: [ template_filter ] --END-- [ RunTime:0.000138s ]
INFO: Run Behavior\ParseTemplate [ RunTime:0.006073s ]
INFO: [ view_parse ] --END-- [ RunTime:0.006136s ]
INFO: [ view_filter ] --START--
INFO: Run Behavior\WriteHtmlCache [ RunTime:0.000016s ]
INFO: [ view_filter ] --END-- [ RunTime:0.000066s ]
INFO: [ view_end ] --START--
INFO: [ view_end ] --END-- [ RunTime:0.000021s ]

[ 2015-05-09T15:03:49+08:00 ] 211.161.143.26 /car/?m=Home&c=User&a=Login
INFO: [ app_init ] --START--
INFO: [ app_init ] --END-- [ RunTime:0.000248s ]
INFO: [ app_begin ] --START--
INFO: Run Behavior\ReadHtmlCache [ RunTime:0.000045s ]
INFO: [ app_begin ] --END-- [ RunTime:0.000108s ]
INFO: [ action_begin ] --START--
INFO: [ action_begin ] --END-- [ RunTime:0.000034s ]
INFO: [ view_begin ] --START--
INFO: [ view_begin ] --END-- [ RunTime:0.000028s ]
INFO: [ view_parse ] --START--
INFO: [ template_filter ] --START--
INFO: Run Behavior\ContentReplace [ RunTime:0.000083s ]
INFO: [ template_filter ] --END-- [ RunTime:0.000149s ]
INFO: Run Behavior\ParseTemplate [ RunTime:0.008550s ]
INFO: [ view_parse ] --END-- [ RunTime:0.008616s ]
INFO: [ view_filter ] --START--
INFO: Run Behavior\WriteHtmlCache [ RunTime:0.000015s ]
INFO: [ view_filter ] --END-- [ RunTime:0.000067s ]
INFO: [ view_end ] --START--
INFO: [ view_end ] --END-- [ RunTime:0.000050s ]
INFO: [ app_end ] --START--
INFO: Run Behavior\ShowPageTrace [ RunTime:0.000048s ]
INFO: [ app_end ] --END-- [ RunTime:0.000101s ]

[ 2015-05-09T15:03:49+08:00 ] 211.161.143.26 /car/index.php?m=Home&c=User&a=verify
INFO: [ app_init ] --START--
INFO: [ app_init ] --END-- [ RunTime:0.000228s ]
INFO: [ app_begin ] --START--
INFO: Run Behavior\ReadHtmlCache [ RunTime:0.000044s ]
INFO: [ app_begin ] --END-- [ RunTime:0.000107s ]
INFO: [ action_begin ] --START--
INFO: [ action_begin ] --END-- [ RunTime:0.000033s ]
NOTIC: [8] Undefined index: tjac_fengxian_ /var/www/html/zwin/car/ThinkPHP/Common/functions.php 第 1101 行.
INFO: [ app_end ] --START--
INFO: Run Behavior\ShowPageTrace [ RunTime:0.000039s ]
INFO: [ app_end ] --END-- [ RunTime:0.000106s ]

[ 2015-05-09T15:03:57+08:00 ] 211.161.143.26 /car/?m=Home&c=User&a=Login
INFO: [ app_init ] --START--
INFO: [ app_init ] --END-- [ RunTime:0.000237s ]
INFO: [ app_begin ] --START--
INFO: Run Behavior\ReadHtmlCache [ RunTime:0.000042s ]
INFO: [ app_begin ] --END-- [ RunTime:0.000104s ]
INFO: [ action_begin ] --START--
INFO: [ action_begin ] --END-- [ RunTime:0.000034s ]
INFO: [ view_begin ] --START--
INFO: [ view_begin ] --END-- [ RunTime:0.000029s ]
INFO: [ view_parse ] --START--
INFO: [ template_filter ] --START--
INFO: Run Behavior\ContentReplace [ RunTime:0.000060s ]
INFO: [ template_filter ] --END-- [ RunTime:0.000129s ]
INFO: Run Behavior\ParseTemplate [ RunTime:0.005202s ]
INFO: [ view_parse ] --END-- [ RunTime:0.005268s ]
INFO: [ view_filter ] --START--
INFO: Run Behavior\WriteHtmlCache [ RunTime:0.000015s ]
INFO: [ view_filter ] --END-- [ RunTime:0.000066s ]
INFO: [ view_end ] --START--
INFO: [ view_end ] --END-- [ RunTime:0.000022s ]

[ 2015-05-09T15:04:00+08:00 ] 211.161.143.26 /car/?m=Home&c=User&a=Login
INFO: [ app_init ] --START--
INFO: [ app_init ] --END-- [ RunTime:0.000274s ]
INFO: [ app_begin ] --START--
INFO: Run Behavior\ReadHtmlCache [ RunTime:0.000047s ]
INFO: [ app_begin ] --END-- [ RunTime:0.000110s ]
INFO: [ action_begin ] --START--
INFO: [ action_begin ] --END-- [ RunTime:0.000034s ]
INFO: [ view_begin ] --START--
INFO: [ view_begin ] --END-- [ RunTime:0.000026s ]
INFO: [ view_parse ] --START--
INFO: [ template_filter ] --START--
INFO: Run Behavior\ContentReplace [ RunTime:0.000102s ]
INFO: [ template_filter ] --END-- [ RunTime:0.000198s ]
INFO: Run Behavior\ParseTemplate [ RunTime:0.009386s ]
INFO: [ view_parse ] --END-- [ RunTime:0.009452s ]
INFO: [ view_filter ] --START--
INFO: Run Behavior\WriteHtmlCache [ RunTime:0.000018s ]
INFO: [ view_filter ] --END-- [ RunTime:0.000077s ]
INFO: [ view_end ] --START--
INFO: [ view_end ] --END-- [ RunTime:0.000027s ]
INFO: [ app_end ] --START--
INFO: Run Behavior\ShowPageTrace [ RunTime:0.000051s ]
INFO: [ app_end ] --END-- [ RunTime:0.000112s ]

[ 2015-05-09T15:04:01+08:00 ] 211.161.143.26 /car/index.php?m=Home&c=User&a=verify
INFO: [ app_init ] --START--
INFO: [ app_init ] --END-- [ RunTime:0.000232s ]
INFO: [ app_begin ] --START--
INFO: Run Behavior\ReadHtmlCache [ RunTime:0.000067s ]
INFO: [ app_begin ] --END-- [ RunTime:0.000131s ]
INFO: [ action_begin ] --START--
INFO: [ action_begin ] --END-- [ RunTime:0.000049s ]
INFO: [ app_end ] --START--
INFO: Run Behavior\ShowPageTrace [ RunTime:0.000039s ]
INFO: [ app_end ] --END-- [ RunTime:0.000127s ]

[ 2015-05-09T15:04:07+08:00 ] 211.161.143.26 /car/?m=Home&c=User&a=Login
INFO: [ app_init ] --START--
INFO: [ app_init ] --END-- [ RunTime:0.000278s ]
INFO: [ app_begin ] --START--
INFO: Run Behavior\ReadHtmlCache [ RunTime:0.000061s ]
INFO: [ app_begin ] --END-- [ RunTime:0.000146s ]
INFO: [ action_begin ] --START--
INFO: [ action_begin ] --END-- [ RunTime:0.000035s ]
INFO: [ view_begin ] --START--
INFO: [ view_begin ] --END-- [ RunTime:0.000029s ]
INFO: [ view_parse ] --START--
INFO: [ template_filter ] --START--
INFO: Run Behavior\ContentReplace [ RunTime:0.000063s ]
INFO: [ template_filter ] --END-- [ RunTime:0.000132s ]
INFO: Run Behavior\ParseTemplate [ RunTime:0.005532s ]
INFO: [ view_parse ] --END-- [ RunTime:0.005601s ]
INFO: [ view_filter ] --START--
INFO: Run Behavior\WriteHtmlCache [ RunTime:0.000016s ]
INFO: [ view_filter ] --END-- [ RunTime:0.000067s ]
INFO: [ view_end ] --START--
INFO: [ view_end ] --END-- [ RunTime:0.000021s ]

[ 2015-05-09T15:04:11+08:00 ] 211.161.143.26 /car/index.php?m=Home&c=User&a=Login
INFO: [ app_init ] --START--
INFO: [ app_init ] --END-- [ RunTime:0.000234s ]
INFO: [ app_begin ] --START--
INFO: Run Behavior\ReadHtmlCache [ RunTime:0.000044s ]
INFO: [ app_begin ] --END-- [ RunTime:0.000109s ]
INFO: [ action_begin ] --START--
INFO: [ action_begin ] --END-- [ RunTime:0.000035s ]
INFO: [ view_begin ] --START--
INFO: [ view_begin ] --END-- [ RunTime:0.000027s ]
INFO: [ view_parse ] --START--
INFO: [ template_filter ] --START--
INFO: Run Behavior\ContentReplace [ RunTime:0.000099s ]
INFO: [ template_filter ] --END-- [ RunTime:0.000195s ]
INFO: Run Behavior\ParseTemplate [ RunTime:0.008625s ]
INFO: [ view_parse ] --END-- [ RunTime:0.008716s ]
INFO: [ view_filter ] --START--
INFO: Run Behavior\WriteHtmlCache [ RunTime:0.000017s ]
INFO: [ view_filter ] --END-- [ RunTime:0.000069s ]
INFO: [ view_end ] --START--
INFO: [ view_end ] --END-- [ RunTime:0.000027s ]
INFO: [ app_end ] --START--
INFO: Run Behavior\ShowPageTrace [ RunTime:0.000050s ]
INFO: [ app_end ] --END-- [ RunTime:0.000130s ]

[ 2015-05-09T15:04:12+08:00 ] 211.161.143.26 /car/index.php?m=Home&c=User&a=verify
INFO: [ app_init ] --START--
INFO: [ app_init ] --END-- [ RunTime:0.000265s ]
INFO: [ app_begin ] --START--
INFO: Run Behavior\ReadHtmlCache [ RunTime:0.000047s ]
INFO: [ app_begin ] --END-- [ RunTime:0.000108s ]
INFO: [ action_begin ] --START--
INFO: [ action_begin ] --END-- [ RunTime:0.000036s ]
INFO: [ app_end ] --START--
INFO: Run Behavior\ShowPageTrace [ RunTime:0.000045s ]
INFO: [ app_end ] --END-- [ RunTime:0.000131s ]

[ 2015-05-09T15:04:19+08:00 ] 211.161.143.26 /car/index.php?m=Home&c=User&a=Login
INFO: [ app_init ] --START--
INFO: [ app_init ] --END-- [ RunTime:0.000238s ]
INFO: [ app_begin ] --START--
INFO: Run Behavior\ReadHtmlCache [ RunTime:0.000043s ]
INFO: [ app_begin ] --END-- [ RunTime:0.000127s ]
INFO: [ action_begin ] --START--
INFO: [ action_begin ] --END-- [ RunTime:0.000033s ]
NOTIC: [8] Use of undefined constant time_format - assumed 'time_format' /var/www/html/zwin/car/ThinkPHP/Common/functions.php 第 419 行.
SQL: SHOW COLUMNS FROM `car_user` [ RunTime:0.000758s ]
SQL: SELECT `id`,`username`,`password`,`level`,`isDeleted`,`loginTime`,`regIp`,`lastLoginIp`,`IPone`,`Email`,`realname` FROM `car_user` WHERE ( `username` = 'admin' ) AND ( `password` = 'admin2014' )  [ RunTime:0.000466s ]
SQL: UPDATE `car_user` SET `loginTime`='2015-05-09 15:04:19',`lastLoginIp`='211.161.143.26' WHERE ( `id` = 46 ) [ RunTime:0.017876s ]
SQL: SHOW COLUMNS FROM `car_company` [ RunTime:0.000573s ]
ERR: 1146:Table 'car.car_company' doesn't exist
 [ SQL语句 ] : SHOW COLUMNS FROM `car_company`
SQL: SELECT `company` FROM `car_company` WHERE ( id=46 ) LIMIT 1   [ RunTime:0.000137s ]
ERR: 1146:Table 'car.car_company' doesn't exist
 [ SQL语句 ] : SELECT `company` FROM `car_company` WHERE ( id=46 ) LIMIT 1  
SQL: SHOW COLUMNS FROM `car_log` [ RunTime:0.000525s ]
SQL: INSERT INTO `car_log` (`function`,`uid`,`message`,`creatTime`) VALUES ('user_login',46,'loginSuccess','2015-05-09 15:04:19') [ RunTime:0.012002s ]
INFO: [ view_begin ] --START--
INFO: [ view_begin ] --END-- [ RunTime:0.000030s ]
INFO: [ view_parse ] --START--
INFO: [ template_filter ] --START--
INFO: Run Behavior\ContentReplace [ RunTime:0.000097s ]
INFO: [ template_filter ] --END-- [ RunTime:0.000173s ]
INFO: Run Behavior\ParseTemplate [ RunTime:0.005469s ]
INFO: [ view_parse ] --END-- [ RunTime:0.005538s ]
INFO: [ view_filter ] --START--
INFO: Run Behavior\WriteHtmlCache [ RunTime:0.000016s ]
INFO: [ view_filter ] --END-- [ RunTime:0.000067s ]
INFO: [ view_end ] --START--
INFO: [ view_end ] --END-- [ RunTime:0.000022s ]
INFO: [ app_end ] --START--
INFO: Run Behavior\ShowPageTrace [ RunTime:0.000038s ]
INFO: [ app_end ] --END-- [ RunTime:0.000089s ]

[ 2015-05-09T15:04:20+08:00 ] 211.161.143.26 /car/index.php?m=Home&c=Index&a=index
INFO: [ app_init ] --START--
INFO: [ app_init ] --END-- [ RunTime:0.000248s ]
INFO: [ app_begin ] --START--
INFO: Run Behavior\ReadHtmlCache [ RunTime:0.000046s ]
INFO: [ app_begin ] --END-- [ RunTime:0.000112s ]
INFO: [ action_begin ] --START--
INFO: [ action_begin ] --END-- [ RunTime:0.000032s ]

[ 2015-05-09T15:04:20+08:00 ] 211.161.143.26 /car/index.php?m=Admin&c=Index&a=Index
INFO: [ app_init ] --START--
INFO: [ app_init ] --END-- [ RunTime:0.000268s ]
INFO: [ app_begin ] --START--
INFO: Run Behavior\ReadHtmlCache [ RunTime:0.000047s ]
INFO: [ app_begin ] --END-- [ RunTime:0.000112s ]
INFO: [ action_begin ] --START--
INFO: [ action_begin ] --END-- [ RunTime:0.000088s ]
SQL: SHOW COLUMNS FROM `car_water` [ RunTime:0.000460s ]
ERR: 1146:Table 'car.car_water' doesn't exist
 [ SQL语句 ] : SHOW COLUMNS FROM `car_water`
SQL: SELECT COUNT(*) AS tp_count FROM `car_water` WHERE ( `isDelete` = 0 ) LIMIT 1   [ RunTime:0.000169s ]
ERR: 1146:Table 'car.car_water' doesn't exist
 [ SQL语句 ] : SELECT COUNT(*) AS tp_count FROM `car_water` WHERE ( `isDelete` = 0 ) LIMIT 1  
NOTIC: [8] Undefined index: page /var/www/html/zwin/car/Application/Admin/Controller/IndexController.class.php 第 75 行.
SQL: SELECT * FROM `car_water` WHERE ( `isDelete` = 0 ) ORDER BY id desc LIMIT 0,10   [ RunTime:0.000171s ]
ERR: 1146:Table 'car.car_water' doesn't exist
 [ SQL语句 ] : SELECT * FROM `car_water` WHERE ( `isDelete` = 0 ) ORDER BY id desc LIMIT 0,10  
SQL: SHOW COLUMNS FROM `car_user` [ RunTime:0.000702s ]
SQL: SELECT `id`,`realname` FROM `car_user`  [ RunTime:0.000301s ]
NOTIC: [8] Undefined index:  /var/www/html/zwin/car/Application/Admin/Controller/IndexController.class.php 第 95 行.
SQL: SELECT COUNT(*) AS tp_count FROM `car_water` WHERE ( isDelete=0 ) LIMIT 1   [ RunTime:0.000166s ]
ERR: 1146:Table 'car.car_water' doesn't exist
 [ SQL语句 ] : SELECT COUNT(*) AS tp_count FROM `car_water` WHERE ( isDelete=0 ) LIMIT 1  
SQL: SELECT COUNT(*) AS tp_count FROM `car_water` WHERE ( confirm=1 and isDelete=0 ) LIMIT 1   [ RunTime:0.000144s ]
ERR: 1146:Table 'car.car_water' doesn't exist
 [ SQL语句 ] : SELECT COUNT(*) AS tp_count FROM `car_water` WHERE ( confirm=1 and isDelete=0 ) LIMIT 1  
SQL: SELECT COUNT(*) AS tp_count FROM `car_water` WHERE ( confirm=0 and isDelete=0 ) LIMIT 1   [ RunTime:0.000132s ]
ERR: 1146:Table 'car.car_water' doesn't exist
 [ SQL语句 ] : SELECT COUNT(*) AS tp_count FROM `car_water` WHERE ( confirm=0 and isDelete=0 ) LIMIT 1  
SQL: SELECT COUNT(*) AS tp_count FROM `car_water` WHERE ( confirm=-1 and isDelete=0 ) LIMIT 1   [ RunTime:0.000134s ]
ERR: 1146:Table 'car.car_water' doesn't exist
 [ SQL语句 ] : SELECT COUNT(*) AS tp_count FROM `car_water` WHERE ( confirm=-1 and isDelete=0 ) LIMIT 1  
INFO: [ view_begin ] --START--
INFO: [ view_begin ] --END-- [ RunTime:0.000025s ]
INFO: [ view_parse ] --START--
INFO: [ template_filter ] --START--
INFO: Run Behavior\ContentReplace [ RunTime:0.000137s ]
INFO: [ template_filter ] --END-- [ RunTime:0.000219s ]
NOTIC: [8] Undefined variable: Manageall /var/www/html/zwin/car/Application/Runtime/Cache/Admin/da4cd6c0f72b4897fc3959e8a3e7598e.php 第 86 行.
NOTIC: [8] Undefined variable: m7 /var/www/html/zwin/car/Application/Runtime/Cache/Admin/da4cd6c0f72b4897fc3959e8a3e7598e.php 第 88 行.
NOTIC: [8] Undefined variable: m6 /var/www/html/zwin/car/Application/Runtime/Cache/Admin/da4cd6c0f72b4897fc3959e8a3e7598e.php 第 89 行.
NOTIC: [8] Undefined variable: m12 /var/www/html/zwin/car/Application/Runtime/Cache/Admin/da4cd6c0f72b4897fc3959e8a3e7598e.php 第 90 行.
NOTIC: [8] Undefined variable: m13 /var/www/html/zwin/car/Application/Runtime/Cache/Admin/da4cd6c0f72b4897fc3959e8a3e7598e.php 第 91 行.
NOTIC: [8] Undefined variable: m8 /var/www/html/zwin/car/Application/Runtime/Cache/Admin/da4cd6c0f72b4897fc3959e8a3e7598e.php 第 94 行.
NOTIC: [8] Undefined variable: m11 /var/www/html/zwin/car/Application/Runtime/Cache/Admin/da4cd6c0f72b4897fc3959e8a3e7598e.php 第 95 行.
NOTIC: [8] Undefined index: title /var/www/html/zwin/car/Application/Runtime/Cache/Admin/da4cd6c0f72b4897fc3959e8a3e7598e.php 第 112 行.
NOTIC: [8] Undefined index: collector /var/www/html/zwin/car/Application/Runtime/Cache/Admin/da4cd6c0f72b4897fc3959e8a3e7598e.php 第 148 行.
NOTIC: [8] Undefined index: id /var/www/html/zwin/car/Application/Runtime/Cache/Admin/da4cd6c0f72b4897fc3959e8a3e7598e.php 第 201 行.
NOTIC: [8] Undefined index: title /var/www/html/zwin/car/Application/Runtime/Cache/Admin/da4cd6c0f72b4897fc3959e8a3e7598e.php 第 203 行.
NOTIC: [8] Undefined index: type /var/www/html/zwin/car/Application/Runtime/Cache/Admin/da4cd6c0f72b4897fc3959e8a3e7598e.php 第 205 行.
NOTIC: [8] Undefined index: type /var/www/html/zwin/car/Application/Runtime/Cache/Admin/da4cd6c0f72b4897fc3959e8a3e7598e.php 第 206 行.
NOTIC: [8] Undefined index: type /var/www/html/zwin/car/Application/Runtime/Cache/Admin/da4cd6c0f72b4897fc3959e8a3e7598e.php 第 208 行.
NOTIC: [8] Undefined index: type /var/www/html/zwin/car/Application/Runtime/Cache/Admin/da4cd6c0f72b4897fc3959e8a3e7598e.php 第 210 行.
NOTIC: [8] Undefined index: type /var/www/html/zwin/car/Application/Runtime/Cache/Admin/da4cd6c0f72b4897fc3959e8a3e7598e.php 第 212 行.
NOTIC: [8] Undefined index: status /var/www/html/zwin/car/Application/Runtime/Cache/Admin/da4cd6c0f72b4897fc3959e8a3e7598e.php 第 217 行.
NOTIC: [8] Undefined index: status /var/www/html/zwin/car/Application/Runtime/Cache/Admin/da4cd6c0f72b4897fc3959e8a3e7598e.php 第 218 行.
NOTIC: [8] Undefined index: status /var/www/html/zwin/car/Application/Runtime/Cache/Admin/da4cd6c0f72b4897fc3959e8a3e7598e.php 第 220 行.
NOTIC: [8] Undefined index: pressure /var/www/html/zwin/car/Application/Runtime/Cache/Admin/da4cd6c0f72b4897fc3959e8a3e7598e.php 第 225 行.
NOTIC: [8] Undefined index: pressure /var/www/html/zwin/car/Application/Runtime/Cache/Admin/da4cd6c0f72b4897fc3959e8a3e7598e.php 第 226 行.
NOTIC: [8] Undefined index: date /var/www/html/zwin/car/Application/Runtime/Cache/Admin/da4cd6c0f72b4897fc3959e8a3e7598e.php 第 231 行.
NOTIC: [8] Undefined index: confirm /var/www/html/zwin/car/Application/Runtime/Cache/Admin/da4cd6c0f72b4897fc3959e8a3e7598e.php 第 233 行.
NOTIC: [8] Undefined index: id /var/www/html/zwin/car/Application/Runtime/Cache/Admin/da4cd6c0f72b4897fc3959e8a3e7598e.php 第 239 行.
NOTIC: [8] Undefined index: id /var/www/html/zwin/car/Application/Runtime/Cache/Admin/da4cd6c0f72b4897fc3959e8a3e7598e.php 第 240 行.
NOTIC: [8] Undefined index: title /var/www/html/zwin/car/Application/Runtime/Cache/Admin/da4cd6c0f72b4897fc3959e8a3e7598e.php 第 261 行.
NOTIC: [8] Undefined index: type /var/www/html/zwin/car/Application/Runtime/Cache/Admin/da4cd6c0f72b4897fc3959e8a3e7598e.php 第 261 行.
NOTIC: [8] Undefined index: status /var/www/html/zwin/car/Application/Runtime/Cache/Admin/da4cd6c0f72b4897fc3959e8a3e7598e.php 第 261 行.
NOTIC: [8] Undefined index: pressure /var/www/html/zwin/car/Application/Runtime/Cache/Admin/da4cd6c0f72b4897fc3959e8a3e7598e.php 第 261 行.
NOTIC: [8] Undefined index: title /var/www/html/zwin/car/Application/Runtime/Cache/Admin/da4cd6c0f72b4897fc3959e8a3e7598e.php 第 265 行.
NOTIC: [8] Undefined index: type /var/www/html/zwin/car/Application/Runtime/Cache/Admin/da4cd6c0f72b4897fc3959e8a3e7598e.php 第 265 行.
NOTIC: [8] Undefined index: status /var/www/html/zwin/car/Application/Runtime/Cache/Admin/da4cd6c0f72b4897fc3959e8a3e7598e.php 第 265 行.
NOTIC: [8] Undefined index: pressure /var/www/html/zwin/car/Application/Runtime/Cache/Admin/da4cd6c0f72b4897fc3959e8a3e7598e.php 第 265 行.
NOTIC: [8] Undefined index: title /var/www/html/zwin/car/Application/Runtime/Cache/Admin/da4cd6c0f72b4897fc3959e8a3e7598e.php 第 268 行.
NOTIC: [8] Undefined index: type /var/www/html/zwin/car/Application/Runtime/Cache/Admin/da4cd6c0f72b4897fc3959e8a3e7598e.php 第 268 行.
NOTIC: [8] Undefined index: status /var/www/html/zwin/car/Application/Runtime/Cache/Admin/da4cd6c0f72b4897fc3959e8a3e7598e.php 第 268 行.
NOTIC: [8] Undefined index: pressure /var/www/html/zwin/car/Application/Runtime/Cache/Admin/da4cd6c0f72b4897fc3959e8a3e7598e.php 第 268 行.
NOTIC: [8] Undefined index: title /var/www/html/zwin/car/Application/Runtime/Cache/Admin/da4cd6c0f72b4897fc3959e8a3e7598e.php 第 271 行.
NOTIC: [8] Undefined index: type /var/www/html/zwin/car/Application/Runtime/Cache/Admin/da4cd6c0f72b4897fc3959e8a3e7598e.php 第 271 行.
NOTIC: [8] Undefined index: status /var/www/html/zwin/car/Application/Runtime/Cache/Admin/da4cd6c0f72b4897fc3959e8a3e7598e.php 第 271 行.
NOTIC: [8] Undefined index: pressure /var/www/html/zwin/car/Application/Runtime/Cache/Admin/da4cd6c0f72b4897fc3959e8a3e7598e.php 第 271 行.
NOTIC: [8] Undefined index: st /var/www/html/zwin/car/Application/Runtime/Cache/Admin/da4cd6c0f72b4897fc3959e8a3e7598e.php 第 274 行.
NOTIC: [8] Undefined index: et /var/www/html/zwin/car/Application/Runtime/Cache/Admin/da4cd6c0f72b4897fc3959e8a3e7598e.php 第 274 行.
NOTIC: [8] Undefined index: comp /var/www/html/zwin/car/Application/Runtime/Cache/Admin/da4cd6c0f72b4897fc3959e8a3e7598e.php 第 274 行.
NOTIC: [8] Undefined index: status /var/www/html/zwin/car/Application/Runtime/Cache/Admin/da4cd6c0f72b4897fc3959e8a3e7598e.php 第 274 行.
INFO: Run Behavior\ParseTemplate [ RunTime:0.020629s ]
INFO: [ view_parse ] --END-- [ RunTime:0.020692s ]
INFO: [ view_filter ] --START--
INFO: Run Behavior\WriteHtmlCache [ RunTime:0.000017s ]
INFO: [ view_filter ] --END-- [ RunTime:0.000067s ]
INFO: [ view_end ] --START--
INFO: [ view_end ] --END-- [ RunTime:0.000029s ]
INFO: [ app_end ] --START--
INFO: Run Behavior\ShowPageTrace [ RunTime:0.000039s ]
INFO: [ app_end ] --END-- [ RunTime:0.000100s ]

[ 2015-05-09T15:04:24+08:00 ] 211.161.143.26 /car/index.php?m=Admin&c=Index&a=detail&id=
INFO: [ app_init ] --START--
INFO: [ app_init ] --END-- [ RunTime:0.000227s ]
INFO: [ app_begin ] --START--
INFO: Run Behavior\ReadHtmlCache [ RunTime:0.000043s ]
INFO: [ app_begin ] --END-- [ RunTime:0.000132s ]
INFO: [ action_begin ] --START--
INFO: [ action_begin ] --END-- [ RunTime:0.000035s ]
INFO: [ view_begin ] --START--
INFO: [ view_begin ] --END-- [ RunTime:0.000026s ]
INFO: [ view_parse ] --START--
INFO: [ template_filter ] --START--
INFO: Run Behavior\ContentReplace [ RunTime:0.000061s ]
INFO: [ template_filter ] --END-- [ RunTime:0.000130s ]
INFO: Run Behavior\ParseTemplate [ RunTime:0.005119s ]
INFO: [ view_parse ] --END-- [ RunTime:0.005182s ]
INFO: [ view_filter ] --START--
INFO: Run Behavior\WriteHtmlCache [ RunTime:0.000016s ]
INFO: [ view_filter ] --END-- [ RunTime:0.000067s ]
INFO: [ view_end ] --START--
INFO: [ view_end ] --END-- [ RunTime:0.000022s ]

[ 2015-05-09T15:11:18+08:00 ] 211.161.143.26 /car/index.php?m=Admin&c=Index&a=detail&id=1358&fromPage=
INFO: [ app_init ] --START--
INFO: [ app_init ] --END-- [ RunTime:0.000246s ]
INFO: [ app_begin ] --START--
INFO: Run Behavior\ReadHtmlCache [ RunTime:0.000058s ]
INFO: [ app_begin ] --END-- [ RunTime:0.000142s ]
INFO: [ action_begin ] --START--
INFO: [ action_begin ] --END-- [ RunTime:0.000033s ]
SQL: SHOW COLUMNS FROM `car_water` [ RunTime:0.000520s ]
ERR: 1146:Table 'car.car_water' doesn't exist
 [ SQL语句 ] : SHOW COLUMNS FROM `car_water`
SQL: SELECT * FROM `car_water` WHERE ( id=1358 ) LIMIT 1   [ RunTime:0.000130s ]
ERR: 1146:Table 'car.car_water' doesn't exist
 [ SQL语句 ] : SELECT * FROM `car_water` WHERE ( id=1358 ) LIMIT 1  
INFO: [ view_begin ] --START--
INFO: [ view_begin ] --END-- [ RunTime:0.000028s ]
INFO: [ view_parse ] --START--
INFO: [ template_filter ] --START--
INFO: Run Behavior\ContentReplace [ RunTime:0.000075s ]
INFO: [ template_filter ] --END-- [ RunTime:0.000159s ]
INFO: Run Behavior\ParseTemplate [ RunTime:0.005624s ]
INFO: [ view_parse ] --END-- [ RunTime:0.005709s ]
INFO: [ view_filter ] --START--
INFO: Run Behavior\WriteHtmlCache [ RunTime:0.000016s ]
INFO: [ view_filter ] --END-- [ RunTime:0.000066s ]
INFO: [ view_end ] --START--
INFO: [ view_end ] --END-- [ RunTime:0.000022s ]

