[ 2015-05-06T16:12:53+08:00 ] 211.161.143.26 /car/
INFO: [ app_init ] --START--
INFO: [ app_init ] --END-- [ RunTime:0.000258s ]
INFO: [ app_begin ] --START--
INFO: Run Behavior\ReadHtmlCache [ RunTime:0.000045s ]
INFO: [ app_begin ] --END-- [ RunTime:0.000105s ]
INFO: [ action_begin ] --START--
INFO: [ action_begin ] --END-- [ RunTime:0.000032s ]
INFO: [ view_begin ] --START--
INFO: [ view_begin ] --END-- [ RunTime:0.000025s ]
INFO: [ view_parse ] --START--
INFO: [ template_filter ] --START--
INFO: Run Behavior\ContentReplace [ RunTime:0.000059s ]
INFO: [ template_filter ] --END-- [ RunTime:0.000130s ]
INFO: Run Behavior\ParseTemplate [ RunTime:0.005393s ]
INFO: [ view_parse ] --END-- [ RunTime:0.005455s ]
INFO: [ view_filter ] --START--
INFO: Run Behavior\WriteHtmlCache [ RunTime:0.000015s ]
INFO: [ view_filter ] --END-- [ RunTime:0.000065s ]
INFO: [ view_end ] --START--
INFO: [ view_end ] --END-- [ RunTime:0.000021s ]

[ 2015-05-06T16:12:53+08:00 ] 211.161.143.26 /car/?m=Home&c=User&a=Login
INFO: [ app_init ] --START--
INFO: [ app_init ] --END-- [ RunTime:0.000400s ]
INFO: [ app_begin ] --START--
INFO: Run Behavior\ReadHtmlCache [ RunTime:0.000071s ]
INFO: [ app_begin ] --END-- [ RunTime:0.000207s ]
INFO: [ action_begin ] --START--
INFO: [ action_begin ] --END-- [ RunTime:0.000054s ]
INFO: [ view_begin ] --START--
INFO: [ view_begin ] --END-- [ RunTime:0.000048s ]
INFO: [ view_parse ] --START--
INFO: [ template_filter ] --START--
INFO: Run Behavior\ContentReplace [ RunTime:0.000085s ]
INFO: [ template_filter ] --END-- [ RunTime:0.000155s ]
INFO: Run Behavior\ParseTemplate [ RunTime:0.010065s ]
INFO: [ view_parse ] --END-- [ RunTime:0.010151s ]
INFO: [ view_filter ] --START--
INFO: Run Behavior\WriteHtmlCache [ RunTime:0.000016s ]
INFO: [ view_filter ] --END-- [ RunTime:0.000066s ]
INFO: [ view_end ] --START--
INFO: [ view_end ] --END-- [ RunTime:0.000027s ]
INFO: [ app_end ] --START--
INFO: Run Behavior\ShowPageTrace [ RunTime:0.000047s ]
INFO: [ app_end ] --END-- [ RunTime:0.000099s ]

[ 2015-05-06T16:12:53+08:00 ] 211.161.143.26 /car/index.php?m=Home&c=User&a=verify
INFO: [ app_init ] --START--
INFO: [ app_init ] --END-- [ RunTime:0.000256s ]
INFO: [ app_begin ] --START--
INFO: Run Behavior\ReadHtmlCache [ RunTime:0.000045s ]
INFO: [ app_begin ] --END-- [ RunTime:0.000107s ]
INFO: [ action_begin ] --START--
INFO: [ action_begin ] --END-- [ RunTime:0.000034s ]
NOTIC: [8] Undefined index: tjac_fengxian_ /var/www/html/zwin/car/ThinkPHP/Common/functions.php 第 1101 行.
INFO: [ app_end ] --START--
INFO: Run Behavior\ShowPageTrace [ RunTime:0.000063s ]
INFO: [ app_end ] --END-- [ RunTime:0.000199s ]

[ 2015-05-06T16:12:59+08:00 ] 211.161.143.26 /car/index.php?m=Home&c=User&a=verify
INFO: [ app_init ] --START--
INFO: [ app_init ] --END-- [ RunTime:0.000240s ]
INFO: [ app_begin ] --START--
INFO: Run Behavior\ReadHtmlCache [ RunTime:0.000044s ]
INFO: [ app_begin ] --END-- [ RunTime:0.000109s ]
INFO: [ action_begin ] --START--
INFO: [ action_begin ] --END-- [ RunTime:0.000038s ]
INFO: [ app_end ] --START--
INFO: Run Behavior\ShowPageTrace [ RunTime:0.000039s ]
INFO: [ app_end ] --END-- [ RunTime:0.000114s ]

[ 2015-05-06T16:13:11+08:00 ] 211.161.143.26 /car/?m=Home&c=User&a=Login
INFO: [ app_init ] --START--
INFO: [ app_init ] --END-- [ RunTime:0.000248s ]
INFO: [ app_begin ] --START--
INFO: Run Behavior\ReadHtmlCache [ RunTime:0.000172s ]
INFO: [ app_begin ] --END-- [ RunTime:0.000291s ]
INFO: [ action_begin ] --START--
INFO: [ action_begin ] --END-- [ RunTime:0.000037s ]
NOTIC: [8] Use of undefined constant time_format - assumed 'time_format' /var/www/html/zwin/car/ThinkPHP/Common/functions.php 第 419 行.
SQL: SHOW COLUMNS FROM `car_user` [ RunTime:0.000810s ]
SQL: SELECT `id`,`username`,`password`,`level`,`isDeleted`,`loginTime`,`regIp`,`lastLoginIp`,`IPone`,`Email`,`realname` FROM `car_user` WHERE ( `username` = 'admin' ) AND ( `password` = 'admin2014' )  [ RunTime:0.000374s ]
SQL: UPDATE `car_user` SET `loginTime`='2015-05-06 16:13:10',`lastLoginIp`='211.161.143.26' WHERE ( `id` = 46 ) [ RunTime:0.013896s ]
SQL: SHOW COLUMNS FROM `car_company` [ RunTime:0.000492s ]
ERR: 1146:Table 'car.car_company' doesn't exist
 [ SQL语句 ] : SHOW COLUMNS FROM `car_company`
SQL: SELECT `company` FROM `car_company` WHERE ( id=46 ) LIMIT 1   [ RunTime:0.000148s ]
ERR: 1146:Table 'car.car_company' doesn't exist
 [ SQL语句 ] : SELECT `company` FROM `car_company` WHERE ( id=46 ) LIMIT 1  
SQL: SHOW COLUMNS FROM `car_log` [ RunTime:0.000483s ]
SQL: INSERT INTO `car_log` (`function`,`uid`,`message`,`creatTime`) VALUES ('user_login',46,'loginSuccess','2015-05-06 16:13:10') [ RunTime:0.010489s ]
INFO: [ view_begin ] --START--
INFO: [ view_begin ] --END-- [ RunTime:0.000029s ]
INFO: [ view_parse ] --START--
INFO: [ template_filter ] --START--
INFO: Run Behavior\ContentReplace [ RunTime:0.000100s ]
INFO: [ template_filter ] --END-- [ RunTime:0.000180s ]
INFO: Run Behavior\ParseTemplate [ RunTime:0.005817s ]
INFO: [ view_parse ] --END-- [ RunTime:0.005886s ]
INFO: [ view_filter ] --START--
INFO: Run Behavior\WriteHtmlCache [ RunTime:0.000016s ]
INFO: [ view_filter ] --END-- [ RunTime:0.000070s ]
INFO: [ view_end ] --START--
INFO: [ view_end ] --END-- [ RunTime:0.000022s ]
INFO: [ app_end ] --START--
INFO: Run Behavior\ShowPageTrace [ RunTime:0.000038s ]
INFO: [ app_end ] --END-- [ RunTime:0.000092s ]

[ 2015-05-06T16:13:12+08:00 ] 211.161.143.26 /car/index.php?m=Home&c=Index&a=index
INFO: [ app_init ] --START--
INFO: [ app_init ] --END-- [ RunTime:0.000228s ]
INFO: [ app_begin ] --START--
INFO: Run Behavior\ReadHtmlCache [ RunTime:0.000059s ]
INFO: [ app_begin ] --END-- [ RunTime:0.000122s ]
INFO: [ action_begin ] --START--
INFO: [ action_begin ] --END-- [ RunTime:0.000034s ]

[ 2015-05-06T16:13:12+08:00 ] 211.161.143.26 /car/index.php?m=Admin&c=Index&a=Index
INFO: [ app_init ] --START--
INFO: [ app_init ] --END-- [ RunTime:0.000221s ]
INFO: [ app_begin ] --START--
INFO: Run Behavior\ReadHtmlCache [ RunTime:0.000043s ]
INFO: [ app_begin ] --END-- [ RunTime:0.000110s ]
INFO: [ action_begin ] --START--
INFO: [ action_begin ] --END-- [ RunTime:0.000033s ]
SQL: SHOW COLUMNS FROM `car_water` [ RunTime:0.000498s ]
ERR: 1146:Table 'car.car_water' doesn't exist
 [ SQL语句 ] : SHOW COLUMNS FROM `car_water`
SQL: SELECT COUNT(*) AS tp_count FROM `car_water` WHERE ( `isDelete` = 0 ) LIMIT 1   [ RunTime:0.000193s ]
ERR: 1146:Table 'car.car_water' doesn't exist
 [ SQL语句 ] : SELECT COUNT(*) AS tp_count FROM `car_water` WHERE ( `isDelete` = 0 ) LIMIT 1  
NOTIC: [8] Undefined index: page /var/www/html/zwin/car/Application/Admin/Controller/IndexController.class.php 第 75 行.
SQL: SELECT * FROM `car_water` WHERE ( `isDelete` = 0 ) ORDER BY id desc LIMIT 0,10   [ RunTime:0.000179s ]
ERR: 1146:Table 'car.car_water' doesn't exist
 [ SQL语句 ] : SELECT * FROM `car_water` WHERE ( `isDelete` = 0 ) ORDER BY id desc LIMIT 0,10  
SQL: SHOW COLUMNS FROM `car_user` [ RunTime:0.000666s ]
SQL: SELECT `id`,`realname` FROM `car_user`  [ RunTime:0.000207s ]
NOTIC: [8] Undefined index:  /var/www/html/zwin/car/Application/Admin/Controller/IndexController.class.php 第 95 行.
SQL: SELECT COUNT(*) AS tp_count FROM `car_water` WHERE ( isDelete=0 ) LIMIT 1   [ RunTime:0.000142s ]
ERR: 1146:Table 'car.car_water' doesn't exist
 [ SQL语句 ] : SELECT COUNT(*) AS tp_count FROM `car_water` WHERE ( isDelete=0 ) LIMIT 1  
SQL: SELECT COUNT(*) AS tp_count FROM `car_water` WHERE ( confirm=1 and isDelete=0 ) LIMIT 1   [ RunTime:0.000136s ]
ERR: 1146:Table 'car.car_water' doesn't exist
 [ SQL语句 ] : SELECT COUNT(*) AS tp_count FROM `car_water` WHERE ( confirm=1 and isDelete=0 ) LIMIT 1  
SQL: SELECT COUNT(*) AS tp_count FROM `car_water` WHERE ( confirm=0 and isDelete=0 ) LIMIT 1   [ RunTime:0.000174s ]
ERR: 1146:Table 'car.car_water' doesn't exist
 [ SQL语句 ] : SELECT COUNT(*) AS tp_count FROM `car_water` WHERE ( confirm=0 and isDelete=0 ) LIMIT 1  
SQL: SELECT COUNT(*) AS tp_count FROM `car_water` WHERE ( confirm=-1 and isDelete=0 ) LIMIT 1   [ RunTime:0.000148s ]
ERR: 1146:Table 'car.car_water' doesn't exist
 [ SQL语句 ] : SELECT COUNT(*) AS tp_count FROM `car_water` WHERE ( confirm=-1 and isDelete=0 ) LIMIT 1  
INFO: [ view_begin ] --START--
INFO: [ view_begin ] --END-- [ RunTime:0.000023s ]
INFO: [ view_parse ] --START--
INFO: [ template_filter ] --START--
INFO: Run Behavior\ContentReplace [ RunTime:0.000130s ]
INFO: [ template_filter ] --END-- [ RunTime:0.000202s ]
NOTIC: [8] Undefined variable: Manageall /var/www/html/zwin/car/Application/Runtime/Cache/Admin/da4cd6c0f72b4897fc3959e8a3e7598e.php 第 86 行.
NOTIC: [8] Undefined variable: m7 /var/www/html/zwin/car/Application/Runtime/Cache/Admin/da4cd6c0f72b4897fc3959e8a3e7598e.php 第 88 行.
NOTIC: [8] Undefined variable: m6 /var/www/html/zwin/car/Application/Runtime/Cache/Admin/da4cd6c0f72b4897fc3959e8a3e7598e.php 第 89 行.
NOTIC: [8] Undefined variable: m12 /var/www/html/zwin/car/Application/Runtime/Cache/Admin/da4cd6c0f72b4897fc3959e8a3e7598e.php 第 90 行.
NOTIC: [8] Undefined variable: m13 /var/www/html/zwin/car/Application/Runtime/Cache/Admin/da4cd6c0f72b4897fc3959e8a3e7598e.php 第 91 行.
NOTIC: [8] Undefined variable: m8 /var/www/html/zwin/car/Application/Runtime/Cache/Admin/da4cd6c0f72b4897fc3959e8a3e7598e.php 第 94 行.
NOTIC: [8] Undefined variable: m11 /var/www/html/zwin/car/Application/Runtime/Cache/Admin/da4cd6c0f72b4897fc3959e8a3e7598e.php 第 95 行.
NOTIC: [8] Undefined index: title /var/www/html/zwin/car/Application/Runtime/Cache/Admin/da4cd6c0f72b4897fc3959e8a3e7598e.php 第 112 行.
NOTIC: [8] Undefined index: collector /var/www/html/zwin/car/Application/Runtime/Cache/Admin/da4cd6c0f72b4897fc3959e8a3e7598e.php 第 148 行.
NOTIC: [8] Undefined index: id /var/www/html/zwin/car/Application/Runtime/Cache/Admin/da4cd6c0f72b4897fc3959e8a3e7598e.php 第 201 行.
NOTIC: [8] Undefined index: title /var/www/html/zwin/car/Application/Runtime/Cache/Admin/da4cd6c0f72b4897fc3959e8a3e7598e.php 第 203 行.
NOTIC: [8] Undefined index: type /var/www/html/zwin/car/Application/Runtime/Cache/Admin/da4cd6c0f72b4897fc3959e8a3e7598e.php 第 205 行.
NOTIC: [8] Undefined index: type /var/www/html/zwin/car/Application/Runtime/Cache/Admin/da4cd6c0f72b4897fc3959e8a3e7598e.php 第 206 行.
NOTIC: [8] Undefined index: type /var/www/html/zwin/car/Application/Runtime/Cache/Admin/da4cd6c0f72b4897fc3959e8a3e7598e.php 第 208 行.
NOTIC: [8] Undefined index: type /var/www/html/zwin/car/Application/Runtime/Cache/Admin/da4cd6c0f72b4897fc3959e8a3e7598e.php 第 210 行.
NOTIC: [8] Undefined index: type /var/www/html/zwin/car/Application/Runtime/Cache/Admin/da4cd6c0f72b4897fc3959e8a3e7598e.php 第 212 行.
NOTIC: [8] Undefined index: status /var/www/html/zwin/car/Application/Runtime/Cache/Admin/da4cd6c0f72b4897fc3959e8a3e7598e.php 第 217 行.
NOTIC: [8] Undefined index: status /var/www/html/zwin/car/Application/Runtime/Cache/Admin/da4cd6c0f72b4897fc3959e8a3e7598e.php 第 218 行.
NOTIC: [8] Undefined index: status /var/www/html/zwin/car/Application/Runtime/Cache/Admin/da4cd6c0f72b4897fc3959e8a3e7598e.php 第 220 行.
NOTIC: [8] Undefined index: pressure /var/www/html/zwin/car/Application/Runtime/Cache/Admin/da4cd6c0f72b4897fc3959e8a3e7598e.php 第 225 行.
NOTIC: [8] Undefined index: pressure /var/www/html/zwin/car/Application/Runtime/Cache/Admin/da4cd6c0f72b4897fc3959e8a3e7598e.php 第 226 行.
NOTIC: [8] Undefined index: date /var/www/html/zwin/car/Application/Runtime/Cache/Admin/da4cd6c0f72b4897fc3959e8a3e7598e.php 第 231 行.
NOTIC: [8] Undefined index: confirm /var/www/html/zwin/car/Application/Runtime/Cache/Admin/da4cd6c0f72b4897fc3959e8a3e7598e.php 第 233 行.
NOTIC: [8] Undefined index: id /var/www/html/zwin/car/Application/Runtime/Cache/Admin/da4cd6c0f72b4897fc3959e8a3e7598e.php 第 239 行.
NOTIC: [8] Undefined index: id /var/www/html/zwin/car/Application/Runtime/Cache/Admin/da4cd6c0f72b4897fc3959e8a3e7598e.php 第 240 行.
NOTIC: [8] Undefined index: title /var/www/html/zwin/car/Application/Runtime/Cache/Admin/da4cd6c0f72b4897fc3959e8a3e7598e.php 第 261 行.
NOTIC: [8] Undefined index: type /var/www/html/zwin/car/Application/Runtime/Cache/Admin/da4cd6c0f72b4897fc3959e8a3e7598e.php 第 261 行.
NOTIC: [8] Undefined index: status /var/www/html/zwin/car/Application/Runtime/Cache/Admin/da4cd6c0f72b4897fc3959e8a3e7598e.php 第 261 行.
NOTIC: [8] Undefined index: pressure /var/www/html/zwin/car/Application/Runtime/Cache/Admin/da4cd6c0f72b4897fc3959e8a3e7598e.php 第 261 行.
NOTIC: [8] Undefined index: title /var/www/html/zwin/car/Application/Runtime/Cache/Admin/da4cd6c0f72b4897fc3959e8a3e7598e.php 第 265 行.
NOTIC: [8] Undefined index: type /var/www/html/zwin/car/Application/Runtime/Cache/Admin/da4cd6c0f72b4897fc3959e8a3e7598e.php 第 265 行.
NOTIC: [8] Undefined index: status /var/www/html/zwin/car/Application/Runtime/Cache/Admin/da4cd6c0f72b4897fc3959e8a3e7598e.php 第 265 行.
NOTIC: [8] Undefined index: pressure /var/www/html/zwin/car/Application/Runtime/Cache/Admin/da4cd6c0f72b4897fc3959e8a3e7598e.php 第 265 行.
NOTIC: [8] Undefined index: title /var/www/html/zwin/car/Application/Runtime/Cache/Admin/da4cd6c0f72b4897fc3959e8a3e7598e.php 第 268 行.
NOTIC: [8] Undefined index: type /var/www/html/zwin/car/Application/Runtime/Cache/Admin/da4cd6c0f72b4897fc3959e8a3e7598e.php 第 268 行.
NOTIC: [8] Undefined index: status /var/www/html/zwin/car/Application/Runtime/Cache/Admin/da4cd6c0f72b4897fc3959e8a3e7598e.php 第 268 行.
NOTIC: [8] Undefined index: pressure /var/www/html/zwin/car/Application/Runtime/Cache/Admin/da4cd6c0f72b4897fc3959e8a3e7598e.php 第 268 行.
NOTIC: [8] Undefined index: title /var/www/html/zwin/car/Application/Runtime/Cache/Admin/da4cd6c0f72b4897fc3959e8a3e7598e.php 第 271 行.
NOTIC: [8] Undefined index: type /var/www/html/zwin/car/Application/Runtime/Cache/Admin/da4cd6c0f72b4897fc3959e8a3e7598e.php 第 271 行.
NOTIC: [8] Undefined index: status /var/www/html/zwin/car/Application/Runtime/Cache/Admin/da4cd6c0f72b4897fc3959e8a3e7598e.php 第 271 行.
NOTIC: [8] Undefined index: pressure /var/www/html/zwin/car/Application/Runtime/Cache/Admin/da4cd6c0f72b4897fc3959e8a3e7598e.php 第 271 行.
NOTIC: [8] Undefined index: st /var/www/html/zwin/car/Application/Runtime/Cache/Admin/da4cd6c0f72b4897fc3959e8a3e7598e.php 第 274 行.
NOTIC: [8] Undefined index: et /var/www/html/zwin/car/Application/Runtime/Cache/Admin/da4cd6c0f72b4897fc3959e8a3e7598e.php 第 274 行.
NOTIC: [8] Undefined index: comp /var/www/html/zwin/car/Application/Runtime/Cache/Admin/da4cd6c0f72b4897fc3959e8a3e7598e.php 第 274 行.
NOTIC: [8] Undefined index: status /var/www/html/zwin/car/Application/Runtime/Cache/Admin/da4cd6c0f72b4897fc3959e8a3e7598e.php 第 274 行.
INFO: Run Behavior\ParseTemplate [ RunTime:0.018588s ]
INFO: [ view_parse ] --END-- [ RunTime:0.018650s ]
INFO: [ view_filter ] --START--
INFO: Run Behavior\WriteHtmlCache [ RunTime:0.000017s ]
INFO: [ view_filter ] --END-- [ RunTime:0.000118s ]
INFO: [ view_end ] --START--
INFO: [ view_end ] --END-- [ RunTime:0.000026s ]
INFO: [ app_end ] --START--
INFO: Run Behavior\ShowPageTrace [ RunTime:0.000038s ]
INFO: [ app_end ] --END-- [ RunTime:0.000089s ]

[ 2015-05-06T16:13:15+08:00 ] 211.161.143.26 /car/index.php?m=Admin&c=User&a=ManageAll
INFO: [ app_init ] --START--
INFO: [ app_init ] --END-- [ RunTime:0.000229s ]
INFO: [ app_begin ] --START--
INFO: Run Behavior\ReadHtmlCache [ RunTime:0.000044s ]
INFO: [ app_begin ] --END-- [ RunTime:0.000109s ]
INFO: [ action_begin ] --START--
INFO: [ action_begin ] --END-- [ RunTime:0.000049s ]
SQL: SHOW COLUMNS FROM `car_user` [ RunTime:0.000668s ]
SQL: SELECT COUNT(*) AS tp_count FROM `car_user` LIMIT 1   [ RunTime:0.000242s ]
NOTIC: [8] Undefined index: page /var/www/html/zwin/car/Application/Admin/Controller/UserController.class.php 第 120 行.
SQL: SELECT `id`,`username`,`password`,`level`,`isDeleted`,`loginTime`,`regIp`,`lastLoginIp`,`IPone`,`Email`,`realname` FROM `car_user` LIMIT 0,10   [ RunTime:0.000180s ]
INFO: [ view_begin ] --START--
INFO: [ view_begin ] --END-- [ RunTime:0.000028s ]
INFO: [ view_parse ] --START--
INFO: [ template_filter ] --START--
INFO: Run Behavior\ContentReplace [ RunTime:0.000097s ]
INFO: [ template_filter ] --END-- [ RunTime:0.000170s ]
NOTIC: [8] Undefined variable: waterLise /var/www/html/zwin/car/Application/Runtime/Cache/Admin/046b9fcf8660fe53914012c5a9a700fe.php 第 69 行.
NOTIC: [8] Undefined variable: m7 /var/www/html/zwin/car/Application/Runtime/Cache/Admin/046b9fcf8660fe53914012c5a9a700fe.php 第 75 行.
NOTIC: [8] Undefined variable: m6 /var/www/html/zwin/car/Application/Runtime/Cache/Admin/046b9fcf8660fe53914012c5a9a700fe.php 第 76 行.
NOTIC: [8] Undefined variable: m12 /var/www/html/zwin/car/Application/Runtime/Cache/Admin/046b9fcf8660fe53914012c5a9a700fe.php 第 77 行.
NOTIC: [8] Undefined variable: m13 /var/www/html/zwin/car/Application/Runtime/Cache/Admin/046b9fcf8660fe53914012c5a9a700fe.php 第 78 行.
NOTIC: [8] Undefined variable: m8 /var/www/html/zwin/car/Application/Runtime/Cache/Admin/046b9fcf8660fe53914012c5a9a700fe.php 第 81 行.
NOTIC: [8] Undefined variable: m11 /var/www/html/zwin/car/Application/Runtime/Cache/Admin/046b9fcf8660fe53914012c5a9a700fe.php 第 82 行.
INFO: Run Behavior\ParseTemplate [ RunTime:0.012615s ]
INFO: [ view_parse ] --END-- [ RunTime:0.012702s ]
INFO: [ view_filter ] --START--
INFO: Run Behavior\WriteHtmlCache [ RunTime:0.000017s ]
INFO: [ view_filter ] --END-- [ RunTime:0.000071s ]
INFO: [ view_end ] --START--
INFO: [ view_end ] --END-- [ RunTime:0.000030s ]
INFO: [ app_end ] --START--
INFO: Run Behavior\ShowPageTrace [ RunTime:0.000039s ]
INFO: [ app_end ] --END-- [ RunTime:0.000091s ]

[ 2015-05-06T16:13:17+08:00 ] 211.161.143.26 /car/index.php?m=Admin&c=Index&a=Index
INFO: [ app_init ] --START--
INFO: [ app_init ] --END-- [ RunTime:0.000227s ]
INFO: [ app_begin ] --START--
INFO: Run Behavior\ReadHtmlCache [ RunTime:0.000042s ]
INFO: [ app_begin ] --END-- [ RunTime:0.000104s ]
INFO: [ action_begin ] --START--
INFO: [ action_begin ] --END-- [ RunTime:0.000033s ]
SQL: SHOW COLUMNS FROM `car_water` [ RunTime:0.000446s ]
ERR: 1146:Table 'car.car_water' doesn't exist
 [ SQL语句 ] : SHOW COLUMNS FROM `car_water`
SQL: SELECT COUNT(*) AS tp_count FROM `car_water` WHERE ( `isDelete` = 0 ) LIMIT 1   [ RunTime:0.000158s ]
ERR: 1146:Table 'car.car_water' doesn't exist
 [ SQL语句 ] : SELECT COUNT(*) AS tp_count FROM `car_water` WHERE ( `isDelete` = 0 ) LIMIT 1  
NOTIC: [8] Undefined index: page /var/www/html/zwin/car/Application/Admin/Controller/IndexController.class.php 第 75 行.
SQL: SELECT * FROM `car_water` WHERE ( `isDelete` = 0 ) ORDER BY id desc LIMIT 0,10   [ RunTime:0.000137s ]
ERR: 1146:Table 'car.car_water' doesn't exist
 [ SQL语句 ] : SELECT * FROM `car_water` WHERE ( `isDelete` = 0 ) ORDER BY id desc LIMIT 0,10  
SQL: SHOW COLUMNS FROM `car_user` [ RunTime:0.000466s ]
SQL: SELECT `id`,`realname` FROM `car_user`  [ RunTime:0.000212s ]
NOTIC: [8] Undefined index:  /var/www/html/zwin/car/Application/Admin/Controller/IndexController.class.php 第 95 行.
SQL: SELECT COUNT(*) AS tp_count FROM `car_water` WHERE ( isDelete=0 ) LIMIT 1   [ RunTime:0.000137s ]
ERR: 1146:Table 'car.car_water' doesn't exist
 [ SQL语句 ] : SELECT COUNT(*) AS tp_count FROM `car_water` WHERE ( isDelete=0 ) LIMIT 1  
SQL: SELECT COUNT(*) AS tp_count FROM `car_water` WHERE ( confirm=1 and isDelete=0 ) LIMIT 1   [ RunTime:0.000126s ]
ERR: 1146:Table 'car.car_water' doesn't exist
 [ SQL语句 ] : SELECT COUNT(*) AS tp_count FROM `car_water` WHERE ( confirm=1 and isDelete=0 ) LIMIT 1  
SQL: SELECT COUNT(*) AS tp_count FROM `car_water` WHERE ( confirm=0 and isDelete=0 ) LIMIT 1   [ RunTime:0.000135s ]
ERR: 1146:Table 'car.car_water' doesn't exist
 [ SQL语句 ] : SELECT COUNT(*) AS tp_count FROM `car_water` WHERE ( confirm=0 and isDelete=0 ) LIMIT 1  
SQL: SELECT COUNT(*) AS tp_count FROM `car_water` WHERE ( confirm=-1 and isDelete=0 ) LIMIT 1   [ RunTime:0.000121s ]
ERR: 1146:Table 'car.car_water' doesn't exist
 [ SQL语句 ] : SELECT COUNT(*) AS tp_count FROM `car_water` WHERE ( confirm=-1 and isDelete=0 ) LIMIT 1  
INFO: [ view_begin ] --START--
INFO: [ view_begin ] --END-- [ RunTime:0.000025s ]
INFO: [ view_parse ] --START--
INFO: [ template_filter ] --START--
INFO: Run Behavior\ContentReplace [ RunTime:0.000154s ]
INFO: [ template_filter ] --END-- [ RunTime:0.000228s ]
NOTIC: [8] Undefined variable: Manageall /var/www/html/zwin/car/Application/Runtime/Cache/Admin/da4cd6c0f72b4897fc3959e8a3e7598e.php 第 86 行.
NOTIC: [8] Undefined variable: m7 /var/www/html/zwin/car/Application/Runtime/Cache/Admin/da4cd6c0f72b4897fc3959e8a3e7598e.php 第 88 行.
NOTIC: [8] Undefined variable: m6 /var/www/html/zwin/car/Application/Runtime/Cache/Admin/da4cd6c0f72b4897fc3959e8a3e7598e.php 第 89 行.
NOTIC: [8] Undefined variable: m12 /var/www/html/zwin/car/Application/Runtime/Cache/Admin/da4cd6c0f72b4897fc3959e8a3e7598e.php 第 90 行.
NOTIC: [8] Undefined variable: m13 /var/www/html/zwin/car/Application/Runtime/Cache/Admin/da4cd6c0f72b4897fc3959e8a3e7598e.php 第 91 行.
NOTIC: [8] Undefined variable: m8 /var/www/html/zwin/car/Application/Runtime/Cache/Admin/da4cd6c0f72b4897fc3959e8a3e7598e.php 第 94 行.
NOTIC: [8] Undefined variable: m11 /var/www/html/zwin/car/Application/Runtime/Cache/Admin/da4cd6c0f72b4897fc3959e8a3e7598e.php 第 95 行.
NOTIC: [8] Undefined index: title /var/www/html/zwin/car/Application/Runtime/Cache/Admin/da4cd6c0f72b4897fc3959e8a3e7598e.php 第 112 行.
NOTIC: [8] Undefined index: collector /var/www/html/zwin/car/Application/Runtime/Cache/Admin/da4cd6c0f72b4897fc3959e8a3e7598e.php 第 148 行.
NOTIC: [8] Undefined index: id /var/www/html/zwin/car/Application/Runtime/Cache/Admin/da4cd6c0f72b4897fc3959e8a3e7598e.php 第 201 行.
NOTIC: [8] Undefined index: title /var/www/html/zwin/car/Application/Runtime/Cache/Admin/da4cd6c0f72b4897fc3959e8a3e7598e.php 第 203 行.
NOTIC: [8] Undefined index: type /var/www/html/zwin/car/Application/Runtime/Cache/Admin/da4cd6c0f72b4897fc3959e8a3e7598e.php 第 205 行.
NOTIC: [8] Undefined index: type /var/www/html/zwin/car/Application/Runtime/Cache/Admin/da4cd6c0f72b4897fc3959e8a3e7598e.php 第 206 行.
NOTIC: [8] Undefined index: type /var/www/html/zwin/car/Application/Runtime/Cache/Admin/da4cd6c0f72b4897fc3959e8a3e7598e.php 第 208 行.
NOTIC: [8] Undefined index: type /var/www/html/zwin/car/Application/Runtime/Cache/Admin/da4cd6c0f72b4897fc3959e8a3e7598e.php 第 210 行.
NOTIC: [8] Undefined index: type /var/www/html/zwin/car/Application/Runtime/Cache/Admin/da4cd6c0f72b4897fc3959e8a3e7598e.php 第 212 行.
NOTIC: [8] Undefined index: status /var/www/html/zwin/car/Application/Runtime/Cache/Admin/da4cd6c0f72b4897fc3959e8a3e7598e.php 第 217 行.
NOTIC: [8] Undefined index: status /var/www/html/zwin/car/Application/Runtime/Cache/Admin/da4cd6c0f72b4897fc3959e8a3e7598e.php 第 218 行.
NOTIC: [8] Undefined index: status /var/www/html/zwin/car/Application/Runtime/Cache/Admin/da4cd6c0f72b4897fc3959e8a3e7598e.php 第 220 行.
NOTIC: [8] Undefined index: pressure /var/www/html/zwin/car/Application/Runtime/Cache/Admin/da4cd6c0f72b4897fc3959e8a3e7598e.php 第 225 行.
NOTIC: [8] Undefined index: pressure /var/www/html/zwin/car/Application/Runtime/Cache/Admin/da4cd6c0f72b4897fc3959e8a3e7598e.php 第 226 行.
NOTIC: [8] Undefined index: date /var/www/html/zwin/car/Application/Runtime/Cache/Admin/da4cd6c0f72b4897fc3959e8a3e7598e.php 第 231 行.
NOTIC: [8] Undefined index: confirm /var/www/html/zwin/car/Application/Runtime/Cache/Admin/da4cd6c0f72b4897fc3959e8a3e7598e.php 第 233 行.
NOTIC: [8] Undefined index: id /var/www/html/zwin/car/Application/Runtime/Cache/Admin/da4cd6c0f72b4897fc3959e8a3e7598e.php 第 239 行.
NOTIC: [8] Undefined index: id /var/www/html/zwin/car/Application/Runtime/Cache/Admin/da4cd6c0f72b4897fc3959e8a3e7598e.php 第 240 行.
NOTIC: [8] Undefined index: title /var/www/html/zwin/car/Application/Runtime/Cache/Admin/da4cd6c0f72b4897fc3959e8a3e7598e.php 第 261 行.
NOTIC: [8] Undefined index: type /var/www/html/zwin/car/Application/Runtime/Cache/Admin/da4cd6c0f72b4897fc3959e8a3e7598e.php 第 261 行.
NOTIC: [8] Undefined index: status /var/www/html/zwin/car/Application/Runtime/Cache/Admin/da4cd6c0f72b4897fc3959e8a3e7598e.php 第 261 行.
NOTIC: [8] Undefined index: pressure /var/www/html/zwin/car/Application/Runtime/Cache/Admin/da4cd6c0f72b4897fc3959e8a3e7598e.php 第 261 行.
NOTIC: [8] Undefined index: title /var/www/html/zwin/car/Application/Runtime/Cache/Admin/da4cd6c0f72b4897fc3959e8a3e7598e.php 第 265 行.
NOTIC: [8] Undefined index: type /var/www/html/zwin/car/Application/Runtime/Cache/Admin/da4cd6c0f72b4897fc3959e8a3e7598e.php 第 265 行.
NOTIC: [8] Undefined index: status /var/www/html/zwin/car/Application/Runtime/Cache/Admin/da4cd6c0f72b4897fc3959e8a3e7598e.php 第 265 行.
NOTIC: [8] Undefined index: pressure /var/www/html/zwin/car/Application/Runtime/Cache/Admin/da4cd6c0f72b4897fc3959e8a3e7598e.php 第 265 行.
NOTIC: [8] Undefined index: title /var/www/html/zwin/car/Application/Runtime/Cache/Admin/da4cd6c0f72b4897fc3959e8a3e7598e.php 第 268 行.
NOTIC: [8] Undefined index: type /var/www/html/zwin/car/Application/Runtime/Cache/Admin/da4cd6c0f72b4897fc3959e8a3e7598e.php 第 268 行.
NOTIC: [8] Undefined index: status /var/www/html/zwin/car/Application/Runtime/Cache/Admin/da4cd6c0f72b4897fc3959e8a3e7598e.php 第 268 行.
NOTIC: [8] Undefined index: pressure /var/www/html/zwin/car/Application/Runtime/Cache/Admin/da4cd6c0f72b4897fc3959e8a3e7598e.php 第 268 行.
NOTIC: [8] Undefined index: title /var/www/html/zwin/car/Application/Runtime/Cache/Admin/da4cd6c0f72b4897fc3959e8a3e7598e.php 第 271 行.
NOTIC: [8] Undefined index: type /var/www/html/zwin/car/Application/Runtime/Cache/Admin/da4cd6c0f72b4897fc3959e8a3e7598e.php 第 271 行.
NOTIC: [8] Undefined index: status /var/www/html/zwin/car/Application/Runtime/Cache/Admin/da4cd6c0f72b4897fc3959e8a3e7598e.php 第 271 行.
NOTIC: [8] Undefined index: pressure /var/www/html/zwin/car/Application/Runtime/Cache/Admin/da4cd6c0f72b4897fc3959e8a3e7598e.php 第 271 行.
NOTIC: [8] Undefined index: st /var/www/html/zwin/car/Application/Runtime/Cache/Admin/da4cd6c0f72b4897fc3959e8a3e7598e.php 第 274 行.
NOTIC: [8] Undefined index: et /var/www/html/zwin/car/Application/Runtime/Cache/Admin/da4cd6c0f72b4897fc3959e8a3e7598e.php 第 274 行.
NOTIC: [8] Undefined index: comp /var/www/html/zwin/car/Application/Runtime/Cache/Admin/da4cd6c0f72b4897fc3959e8a3e7598e.php 第 274 行.
NOTIC: [8] Undefined index: status /var/www/html/zwin/car/Application/Runtime/Cache/Admin/da4cd6c0f72b4897fc3959e8a3e7598e.php 第 274 行.
INFO: Run Behavior\ParseTemplate [ RunTime:0.019162s ]
INFO: [ view_parse ] --END-- [ RunTime:0.019225s ]
INFO: [ view_filter ] --START--
INFO: Run Behavior\WriteHtmlCache [ RunTime:0.000016s ]
INFO: [ view_filter ] --END-- [ RunTime:0.000067s ]
INFO: [ view_end ] --START--
INFO: [ view_end ] --END-- [ RunTime:0.000048s ]
INFO: [ app_end ] --START--
INFO: Run Behavior\ShowPageTrace [ RunTime:0.000050s ]
INFO: [ app_end ] --END-- [ RunTime:0.000107s ]

